{"C:\\Users\\Ellis Chang\\Documents\\CSE110\\Project\\cse110-w21-group8\\source\\scripts\\language.js": {"path":"C:\\Users\\Ellis Chang\\Documents\\CSE110\\Project\\cse110-w21-group8\\source\\scripts\\language.js","statementMap":{"0":{"start":{"line":5,"column":0},"end":{"line":12,"column":1}},"1":{"start":{"line":7,"column":4},"end":{"line":7,"column":43}},"2":{"start":{"line":11,"column":4},"end":{"line":11,"column":50}},"3":{"start":{"line":25,"column":4},"end":{"line":290,"column":5}},"4":{"start":{"line":26,"column":8},"end":{"line":26,"column":68}},"5":{"start":{"line":27,"column":8},"end":{"line":27,"column":88}},"6":{"start":{"line":28,"column":8},"end":{"line":28,"column":69}},"7":{"start":{"line":29,"column":8},"end":{"line":29,"column":79}},"8":{"start":{"line":30,"column":8},"end":{"line":30,"column":73}},"9":{"start":{"line":31,"column":8},"end":{"line":31,"column":78}},"10":{"start":{"line":33,"column":8},"end":{"line":33,"column":74}},"11":{"start":{"line":34,"column":8},"end":{"line":34,"column":85}},"12":{"start":{"line":35,"column":8},"end":{"line":35,"column":79}},"13":{"start":{"line":36,"column":8},"end":{"line":36,"column":73}},"14":{"start":{"line":37,"column":8},"end":{"line":37,"column":86}},"15":{"start":{"line":38,"column":8},"end":{"line":38,"column":84}},"16":{"start":{"line":39,"column":8},"end":{"line":39,"column":87}},"17":{"start":{"line":40,"column":8},"end":{"line":40,"column":70}},"18":{"start":{"line":41,"column":8},"end":{"line":41,"column":67}},"19":{"start":{"line":43,"column":8},"end":{"line":43,"column":82}},"20":{"start":{"line":44,"column":8},"end":{"line":44,"column":81}},"21":{"start":{"line":45,"column":8},"end":{"line":45,"column":93}},"22":{"start":{"line":47,"column":8},"end":{"line":47,"column":86}},"23":{"start":{"line":48,"column":8},"end":{"line":48,"column":82}},"24":{"start":{"line":49,"column":8},"end":{"line":49,"column":76}},"25":{"start":{"line":51,"column":8},"end":{"line":51,"column":85}},"26":{"start":{"line":52,"column":8},"end":{"line":52,"column":226}},"27":{"start":{"line":53,"column":8},"end":{"line":53,"column":105}},"28":{"start":{"line":54,"column":8},"end":{"line":54,"column":132}},"29":{"start":{"line":55,"column":8},"end":{"line":55,"column":104}},"30":{"start":{"line":56,"column":8},"end":{"line":56,"column":105}},"31":{"start":{"line":57,"column":8},"end":{"line":57,"column":115}},"32":{"start":{"line":58,"column":8},"end":{"line":58,"column":141}},"33":{"start":{"line":59,"column":8},"end":{"line":59,"column":102}},"34":{"start":{"line":60,"column":8},"end":{"line":60,"column":154}},"35":{"start":{"line":62,"column":8},"end":{"line":62,"column":85}},"36":{"start":{"line":63,"column":8},"end":{"line":63,"column":127}},"37":{"start":{"line":64,"column":8},"end":{"line":64,"column":170}},"38":{"start":{"line":65,"column":8},"end":{"line":65,"column":142}},"39":{"start":{"line":66,"column":8},"end":{"line":66,"column":111}},"40":{"start":{"line":67,"column":8},"end":{"line":67,"column":131}},"41":{"start":{"line":68,"column":8},"end":{"line":68,"column":143}},"42":{"start":{"line":69,"column":8},"end":{"line":69,"column":140}},"43":{"start":{"line":70,"column":8},"end":{"line":70,"column":164}},"44":{"start":{"line":71,"column":8},"end":{"line":71,"column":188}},"45":{"start":{"line":72,"column":8},"end":{"line":72,"column":167}},"46":{"start":{"line":73,"column":8},"end":{"line":73,"column":134}},"47":{"start":{"line":74,"column":8},"end":{"line":74,"column":162}},"48":{"start":{"line":75,"column":8},"end":{"line":75,"column":105}},"49":{"start":{"line":78,"column":8},"end":{"line":85,"column":9}},"50":{"start":{"line":79,"column":12},"end":{"line":79,"column":72}},"51":{"start":{"line":80,"column":15},"end":{"line":85,"column":9}},"52":{"start":{"line":81,"column":12},"end":{"line":81,"column":73}},"53":{"start":{"line":84,"column":12},"end":{"line":84,"column":66}},"54":{"start":{"line":87,"column":8},"end":{"line":92,"column":9}},"55":{"start":{"line":88,"column":12},"end":{"line":88,"column":73}},"56":{"start":{"line":91,"column":12},"end":{"line":91,"column":72}},"57":{"start":{"line":93,"column":8},"end":{"line":93,"column":82}},"58":{"start":{"line":94,"column":8},"end":{"line":94,"column":62}},"59":{"start":{"line":95,"column":8},"end":{"line":95,"column":92}},"60":{"start":{"line":96,"column":8},"end":{"line":96,"column":77}},"61":{"start":{"line":97,"column":8},"end":{"line":97,"column":70}},"62":{"start":{"line":98,"column":8},"end":{"line":98,"column":75}},"63":{"start":{"line":99,"column":8},"end":{"line":99,"column":94}},"64":{"start":{"line":100,"column":8},"end":{"line":100,"column":69}},"65":{"start":{"line":102,"column":8},"end":{"line":102,"column":73}},"66":{"start":{"line":103,"column":8},"end":{"line":103,"column":68}},"67":{"start":{"line":104,"column":8},"end":{"line":104,"column":68}},"68":{"start":{"line":106,"column":8},"end":{"line":106,"column":47}},"69":{"start":{"line":114,"column":9},"end":{"line":290,"column":5}},"70":{"start":{"line":115,"column":8},"end":{"line":115,"column":68}},"71":{"start":{"line":116,"column":8},"end":{"line":116,"column":68}},"72":{"start":{"line":117,"column":8},"end":{"line":117,"column":78}},"73":{"start":{"line":119,"column":8},"end":{"line":119,"column":95}},"74":{"start":{"line":120,"column":8},"end":{"line":120,"column":68}},"75":{"start":{"line":121,"column":8},"end":{"line":121,"column":79}},"76":{"start":{"line":122,"column":8},"end":{"line":122,"column":77}},"77":{"start":{"line":123,"column":8},"end":{"line":123,"column":72}},"78":{"start":{"line":126,"column":8},"end":{"line":126,"column":73}},"79":{"start":{"line":127,"column":8},"end":{"line":127,"column":101}},"80":{"start":{"line":128,"column":8},"end":{"line":128,"column":79}},"81":{"start":{"line":129,"column":8},"end":{"line":129,"column":76}},"82":{"start":{"line":130,"column":8},"end":{"line":130,"column":91}},"83":{"start":{"line":131,"column":8},"end":{"line":131,"column":88}},"84":{"start":{"line":133,"column":8},"end":{"line":133,"column":98}},"85":{"start":{"line":134,"column":8},"end":{"line":134,"column":71}},"86":{"start":{"line":135,"column":8},"end":{"line":135,"column":69}},"87":{"start":{"line":138,"column":8},"end":{"line":138,"column":88}},"88":{"start":{"line":139,"column":8},"end":{"line":139,"column":89}},"89":{"start":{"line":140,"column":8},"end":{"line":140,"column":95}},"90":{"start":{"line":141,"column":8},"end":{"line":141,"column":89}},"91":{"start":{"line":142,"column":8},"end":{"line":142,"column":81}},"92":{"start":{"line":143,"column":8},"end":{"line":143,"column":78}},"93":{"start":{"line":145,"column":8},"end":{"line":145,"column":82}},"94":{"start":{"line":146,"column":8},"end":{"line":146,"column":242}},"95":{"start":{"line":147,"column":8},"end":{"line":147,"column":109}},"96":{"start":{"line":148,"column":8},"end":{"line":148,"column":134}},"97":{"start":{"line":149,"column":8},"end":{"line":149,"column":109}},"98":{"start":{"line":150,"column":8},"end":{"line":150,"column":110}},"99":{"start":{"line":151,"column":8},"end":{"line":151,"column":119}},"100":{"start":{"line":152,"column":8},"end":{"line":152,"column":156}},"101":{"start":{"line":153,"column":8},"end":{"line":153,"column":106}},"102":{"start":{"line":154,"column":8},"end":{"line":154,"column":147}},"103":{"start":{"line":156,"column":8},"end":{"line":156,"column":84}},"104":{"start":{"line":157,"column":8},"end":{"line":157,"column":141}},"105":{"start":{"line":158,"column":8},"end":{"line":158,"column":176}},"106":{"start":{"line":159,"column":8},"end":{"line":159,"column":152}},"107":{"start":{"line":160,"column":8},"end":{"line":160,"column":118}},"108":{"start":{"line":161,"column":8},"end":{"line":161,"column":149}},"109":{"start":{"line":162,"column":8},"end":{"line":162,"column":174}},"110":{"start":{"line":163,"column":8},"end":{"line":163,"column":141}},"111":{"start":{"line":164,"column":8},"end":{"line":164,"column":176}},"112":{"start":{"line":165,"column":8},"end":{"line":165,"column":204}},"113":{"start":{"line":166,"column":8},"end":{"line":166,"column":176}},"114":{"start":{"line":167,"column":8},"end":{"line":167,"column":147}},"115":{"start":{"line":168,"column":8},"end":{"line":168,"column":176}},"116":{"start":{"line":169,"column":8},"end":{"line":169,"column":105}},"117":{"start":{"line":171,"column":8},"end":{"line":178,"column":9}},"118":{"start":{"line":172,"column":12},"end":{"line":172,"column":76}},"119":{"start":{"line":173,"column":15},"end":{"line":178,"column":9}},"120":{"start":{"line":174,"column":12},"end":{"line":174,"column":78}},"121":{"start":{"line":177,"column":12},"end":{"line":177,"column":69}},"122":{"start":{"line":180,"column":8},"end":{"line":185,"column":9}},"123":{"start":{"line":181,"column":12},"end":{"line":181,"column":75}},"124":{"start":{"line":184,"column":12},"end":{"line":184,"column":76}},"125":{"start":{"line":186,"column":8},"end":{"line":186,"column":82}},"126":{"start":{"line":187,"column":8},"end":{"line":187,"column":63}},"127":{"start":{"line":188,"column":8},"end":{"line":188,"column":101}},"128":{"start":{"line":189,"column":8},"end":{"line":189,"column":78}},"129":{"start":{"line":190,"column":8},"end":{"line":190,"column":77}},"130":{"start":{"line":191,"column":8},"end":{"line":191,"column":84}},"131":{"start":{"line":192,"column":8},"end":{"line":192,"column":95}},"132":{"start":{"line":193,"column":8},"end":{"line":193,"column":68}},"133":{"start":{"line":195,"column":8},"end":{"line":195,"column":73}},"134":{"start":{"line":196,"column":8},"end":{"line":196,"column":68}},"135":{"start":{"line":197,"column":8},"end":{"line":197,"column":68}},"136":{"start":{"line":199,"column":8},"end":{"line":199,"column":47}},"137":{"start":{"line":208,"column":8},"end":{"line":208,"column":65}},"138":{"start":{"line":210,"column":8},"end":{"line":210,"column":75}},"139":{"start":{"line":211,"column":8},"end":{"line":211,"column":64}},"140":{"start":{"line":212,"column":8},"end":{"line":212,"column":70}},"141":{"start":{"line":213,"column":8},"end":{"line":213,"column":67}},"142":{"start":{"line":214,"column":8},"end":{"line":214,"column":65}},"143":{"start":{"line":216,"column":8},"end":{"line":216,"column":69}},"144":{"start":{"line":217,"column":8},"end":{"line":217,"column":76}},"145":{"start":{"line":218,"column":8},"end":{"line":218,"column":72}},"146":{"start":{"line":219,"column":8},"end":{"line":219,"column":71}},"147":{"start":{"line":220,"column":8},"end":{"line":220,"column":79}},"148":{"start":{"line":221,"column":8},"end":{"line":221,"column":79}},"149":{"start":{"line":223,"column":8},"end":{"line":223,"column":76}},"150":{"start":{"line":224,"column":8},"end":{"line":224,"column":66}},"151":{"start":{"line":225,"column":8},"end":{"line":225,"column":64}},"152":{"start":{"line":227,"column":8},"end":{"line":227,"column":70}},"153":{"start":{"line":228,"column":8},"end":{"line":228,"column":71}},"154":{"start":{"line":229,"column":8},"end":{"line":229,"column":79}},"155":{"start":{"line":231,"column":8},"end":{"line":231,"column":75}},"156":{"start":{"line":232,"column":8},"end":{"line":232,"column":75}},"157":{"start":{"line":233,"column":8},"end":{"line":233,"column":72}},"158":{"start":{"line":235,"column":8},"end":{"line":235,"column":67}},"159":{"start":{"line":236,"column":8},"end":{"line":236,"column":122}},"160":{"start":{"line":237,"column":8},"end":{"line":237,"column":78}},"161":{"start":{"line":238,"column":8},"end":{"line":238,"column":84}},"162":{"start":{"line":239,"column":8},"end":{"line":239,"column":76}},"163":{"start":{"line":240,"column":8},"end":{"line":240,"column":79}},"164":{"start":{"line":241,"column":8},"end":{"line":241,"column":77}},"165":{"start":{"line":242,"column":8},"end":{"line":242,"column":82}},"166":{"start":{"line":243,"column":8},"end":{"line":243,"column":79}},"167":{"start":{"line":244,"column":8},"end":{"line":244,"column":87}},"168":{"start":{"line":246,"column":8},"end":{"line":246,"column":72}},"169":{"start":{"line":247,"column":8},"end":{"line":247,"column":87}},"170":{"start":{"line":248,"column":8},"end":{"line":248,"column":107}},"171":{"start":{"line":249,"column":8},"end":{"line":249,"column":88}},"172":{"start":{"line":250,"column":8},"end":{"line":250,"column":81}},"173":{"start":{"line":251,"column":8},"end":{"line":251,"column":90}},"174":{"start":{"line":252,"column":8},"end":{"line":252,"column":88}},"175":{"start":{"line":253,"column":8},"end":{"line":253,"column":87}},"176":{"start":{"line":254,"column":8},"end":{"line":254,"column":108}},"177":{"start":{"line":255,"column":8},"end":{"line":255,"column":105}},"178":{"start":{"line":256,"column":8},"end":{"line":256,"column":101}},"179":{"start":{"line":257,"column":8},"end":{"line":257,"column":88}},"180":{"start":{"line":258,"column":8},"end":{"line":258,"column":99}},"181":{"start":{"line":259,"column":8},"end":{"line":259,"column":78}},"182":{"start":{"line":261,"column":8},"end":{"line":268,"column":9}},"183":{"start":{"line":262,"column":12},"end":{"line":262,"column":67}},"184":{"start":{"line":263,"column":15},"end":{"line":268,"column":9}},"185":{"start":{"line":264,"column":12},"end":{"line":264,"column":66}},"186":{"start":{"line":267,"column":12},"end":{"line":267,"column":64}},"187":{"start":{"line":270,"column":8},"end":{"line":275,"column":9}},"188":{"start":{"line":271,"column":12},"end":{"line":271,"column":70}},"189":{"start":{"line":274,"column":12},"end":{"line":274,"column":70}},"190":{"start":{"line":276,"column":8},"end":{"line":276,"column":74}},"191":{"start":{"line":277,"column":8},"end":{"line":277,"column":60}},"192":{"start":{"line":278,"column":8},"end":{"line":278,"column":75}},"193":{"start":{"line":279,"column":8},"end":{"line":279,"column":70}},"194":{"start":{"line":280,"column":8},"end":{"line":280,"column":64}},"195":{"start":{"line":281,"column":8},"end":{"line":281,"column":70}},"196":{"start":{"line":282,"column":8},"end":{"line":282,"column":79}},"197":{"start":{"line":283,"column":8},"end":{"line":283,"column":65}},"198":{"start":{"line":285,"column":8},"end":{"line":285,"column":73}},"199":{"start":{"line":286,"column":8},"end":{"line":286,"column":68}},"200":{"start":{"line":287,"column":8},"end":{"line":287,"column":68}},"201":{"start":{"line":289,"column":8},"end":{"line":289,"column":47}},"202":{"start":{"line":297,"column":0},"end":{"line":299,"column":1}},"203":{"start":{"line":298,"column":2},"end":{"line":298,"column":35}}},"fnMap":{"0":{"name":"setLanguage","decl":{"start":{"line":19,"column":9},"end":{"line":19,"column":20}},"loc":{"start":{"line":19,"column":31},"end":{"line":291,"column":1}},"line":19}},"branchMap":{"0":{"loc":{"start":{"line":5,"column":0},"end":{"line":12,"column":1}},"type":"if","locations":[{"start":{"line":5,"column":0},"end":{"line":12,"column":1}},{"start":{"line":5,"column":0},"end":{"line":12,"column":1}}],"line":5},"1":{"loc":{"start":{"line":25,"column":4},"end":{"line":290,"column":5}},"type":"if","locations":[{"start":{"line":25,"column":4},"end":{"line":290,"column":5}},{"start":{"line":25,"column":4},"end":{"line":290,"column":5}}],"line":25},"2":{"loc":{"start":{"line":78,"column":8},"end":{"line":85,"column":9}},"type":"if","locations":[{"start":{"line":78,"column":8},"end":{"line":85,"column":9}},{"start":{"line":78,"column":8},"end":{"line":85,"column":9}}],"line":78},"3":{"loc":{"start":{"line":80,"column":15},"end":{"line":85,"column":9}},"type":"if","locations":[{"start":{"line":80,"column":15},"end":{"line":85,"column":9}},{"start":{"line":80,"column":15},"end":{"line":85,"column":9}}],"line":80},"4":{"loc":{"start":{"line":87,"column":8},"end":{"line":92,"column":9}},"type":"if","locations":[{"start":{"line":87,"column":8},"end":{"line":92,"column":9}},{"start":{"line":87,"column":8},"end":{"line":92,"column":9}}],"line":87},"5":{"loc":{"start":{"line":114,"column":9},"end":{"line":290,"column":5}},"type":"if","locations":[{"start":{"line":114,"column":9},"end":{"line":290,"column":5}},{"start":{"line":114,"column":9},"end":{"line":290,"column":5}}],"line":114},"6":{"loc":{"start":{"line":171,"column":8},"end":{"line":178,"column":9}},"type":"if","locations":[{"start":{"line":171,"column":8},"end":{"line":178,"column":9}},{"start":{"line":171,"column":8},"end":{"line":178,"column":9}}],"line":171},"7":{"loc":{"start":{"line":173,"column":15},"end":{"line":178,"column":9}},"type":"if","locations":[{"start":{"line":173,"column":15},"end":{"line":178,"column":9}},{"start":{"line":173,"column":15},"end":{"line":178,"column":9}}],"line":173},"8":{"loc":{"start":{"line":180,"column":8},"end":{"line":185,"column":9}},"type":"if","locations":[{"start":{"line":180,"column":8},"end":{"line":185,"column":9}},{"start":{"line":180,"column":8},"end":{"line":185,"column":9}}],"line":180},"9":{"loc":{"start":{"line":261,"column":8},"end":{"line":268,"column":9}},"type":"if","locations":[{"start":{"line":261,"column":8},"end":{"line":268,"column":9}},{"start":{"line":261,"column":8},"end":{"line":268,"column":9}}],"line":261},"10":{"loc":{"start":{"line":263,"column":15},"end":{"line":268,"column":9}},"type":"if","locations":[{"start":{"line":263,"column":15},"end":{"line":268,"column":9}},{"start":{"line":263,"column":15},"end":{"line":268,"column":9}}],"line":263},"11":{"loc":{"start":{"line":270,"column":8},"end":{"line":275,"column":9}},"type":"if","locations":[{"start":{"line":270,"column":8},"end":{"line":275,"column":9}},{"start":{"line":270,"column":8},"end":{"line":275,"column":9}}],"line":270},"12":{"loc":{"start":{"line":297,"column":0},"end":{"line":299,"column":1}},"type":"if","locations":[{"start":{"line":297,"column":0},"end":{"line":299,"column":1}},{"start":{"line":297,"column":0},"end":{"line":299,"column":1}}],"line":297}},"s":{"0":1,"1":1,"2":0,"3":3,"4":1,"5":1,"6":1,"7":1,"8":1,"9":1,"10":1,"11":1,"12":1,"13":1,"14":1,"15":1,"16":1,"17":1,"18":1,"19":1,"20":1,"21":1,"22":1,"23":1,"24":1,"25":1,"26":1,"27":1,"28":1,"29":1,"30":1,"31":1,"32":1,"33":1,"34":1,"35":1,"36":1,"37":1,"38":1,"39":1,"40":1,"41":1,"42":1,"43":1,"44":1,"45":1,"46":1,"47":1,"48":1,"49":1,"50":0,"51":1,"52":0,"53":1,"54":1,"55":1,"56":0,"57":1,"58":1,"59":1,"60":1,"61":1,"62":1,"63":1,"64":1,"65":1,"66":1,"67":1,"68":1,"69":2,"70":1,"71":1,"72":1,"73":1,"74":1,"75":1,"76":1,"77":1,"78":1,"79":1,"80":1,"81":1,"82":1,"83":1,"84":1,"85":1,"86":1,"87":1,"88":1,"89":1,"90":1,"91":1,"92":1,"93":1,"94":1,"95":1,"96":1,"97":1,"98":1,"99":1,"100":1,"101":1,"102":1,"103":1,"104":1,"105":1,"106":1,"107":1,"108":1,"109":1,"110":1,"111":1,"112":1,"113":1,"114":1,"115":1,"116":1,"117":1,"118":0,"119":1,"120":0,"121":1,"122":1,"123":0,"124":1,"125":1,"126":1,"127":1,"128":1,"129":1,"130":1,"131":1,"132":1,"133":1,"134":1,"135":1,"136":1,"137":1,"138":1,"139":1,"140":1,"141":1,"142":1,"143":1,"144":1,"145":1,"146":1,"147":1,"148":1,"149":1,"150":1,"151":1,"152":1,"153":1,"154":1,"155":1,"156":1,"157":1,"158":1,"159":1,"160":1,"161":1,"162":1,"163":1,"164":1,"165":1,"166":1,"167":1,"168":1,"169":1,"170":1,"171":1,"172":1,"173":1,"174":1,"175":1,"176":1,"177":1,"178":1,"179":1,"180":1,"181":1,"182":1,"183":0,"184":1,"185":0,"186":1,"187":1,"188":0,"189":1,"190":1,"191":1,"192":1,"193":1,"194":1,"195":1,"196":1,"197":1,"198":1,"199":1,"200":1,"201":1,"202":1,"203":1},"f":{"0":3},"b":{"0":[1,0],"1":[1,2],"2":[0,1],"3":[0,1],"4":[1,0],"5":[1,1],"6":[0,1],"7":[0,1],"8":[0,1],"9":[0,1],"10":[0,1],"11":[0,1],"12":[1,0]},"_coverageSchema":"1a1c01bbd47fc00a2c39e90264f33305004495a9","hash":"a51a54459aaa5a073d78b3b5109ea6072058183e"}
,"C:\\Users\\Ellis Chang\\Documents\\CSE110\\Project\\cse110-w21-group8\\source\\scripts\\menu.js": {"path":"C:\\Users\\Ellis Chang\\Documents\\CSE110\\Project\\cse110-w21-group8\\source\\scripts\\menu.js","statementMap":{"0":{"start":{"line":1,"column":20},"end":{"line":1,"column":60}},"1":{"start":{"line":2,"column":18},"end":{"line":2,"column":58}},"2":{"start":{"line":8,"column":0},"end":{"line":10,"column":1}},"3":{"start":{"line":9,"column":2},"end":{"line":9,"column":54}},"4":{"start":{"line":17,"column":2},"end":{"line":17,"column":61}},"5":{"start":{"line":18,"column":2},"end":{"line":18,"column":73}},"6":{"start":{"line":21,"column":0},"end":{"line":23,"column":3}},"7":{"start":{"line":22,"column":2},"end":{"line":22,"column":51}},"8":{"start":{"line":29,"column":2},"end":{"line":29,"column":63}},"9":{"start":{"line":30,"column":2},"end":{"line":30,"column":61}},"10":{"start":{"line":37,"column":2},"end":{"line":37,"column":62}},"11":{"start":{"line":38,"column":2},"end":{"line":38,"column":60}},"12":{"start":{"line":45,"column":2},"end":{"line":45,"column":59}},"13":{"start":{"line":46,"column":2},"end":{"line":46,"column":61}},"14":{"start":{"line":53,"column":2},"end":{"line":53,"column":58}},"15":{"start":{"line":54,"column":2},"end":{"line":54,"column":60}},"16":{"start":{"line":61,"column":0},"end":{"line":69,"column":1}},"17":{"start":{"line":62,"column":2},"end":{"line":68,"column":4}}},"fnMap":{"0":{"name":"toggleMenu","decl":{"start":{"line":16,"column":9},"end":{"line":16,"column":19}},"loc":{"start":{"line":16,"column":22},"end":{"line":19,"column":1}},"line":16},"1":{"name":"(anonymous_1)","decl":{"start":{"line":21,"column":20},"end":{"line":21,"column":21}},"loc":{"start":{"line":21,"column":36},"end":{"line":23,"column":1}},"line":21},"2":{"name":"displayAbout","decl":{"start":{"line":28,"column":9},"end":{"line":28,"column":21}},"loc":{"start":{"line":28,"column":24},"end":{"line":31,"column":1}},"line":28},"3":{"name":"aboutClose","decl":{"start":{"line":36,"column":9},"end":{"line":36,"column":19}},"loc":{"start":{"line":36,"column":22},"end":{"line":39,"column":1}},"line":36},"4":{"name":"displayHowTo","decl":{"start":{"line":44,"column":9},"end":{"line":44,"column":21}},"loc":{"start":{"line":44,"column":24},"end":{"line":47,"column":1}},"line":44},"5":{"name":"howToClose","decl":{"start":{"line":52,"column":9},"end":{"line":52,"column":19}},"loc":{"start":{"line":52,"column":22},"end":{"line":55,"column":1}},"line":52}},"branchMap":{"0":{"loc":{"start":{"line":8,"column":0},"end":{"line":10,"column":1}},"type":"if","locations":[{"start":{"line":8,"column":0},"end":{"line":10,"column":1}},{"start":{"line":8,"column":0},"end":{"line":10,"column":1}}],"line":8},"1":{"loc":{"start":{"line":61,"column":0},"end":{"line":69,"column":1}},"type":"if","locations":[{"start":{"line":61,"column":0},"end":{"line":69,"column":1}},{"start":{"line":61,"column":0},"end":{"line":69,"column":1}}],"line":61}},"s":{"0":1,"1":1,"2":1,"3":0,"4":2,"5":2,"6":1,"7":0,"8":1,"9":1,"10":1,"11":1,"12":1,"13":1,"14":1,"15":1,"16":1,"17":1},"f":{"0":2,"1":0,"2":1,"3":1,"4":1,"5":1},"b":{"0":[0,1],"1":[1,0]},"_coverageSchema":"1a1c01bbd47fc00a2c39e90264f33305004495a9","hash":"94f036ba3534077f1e770b3e83a2dbd470842c03"}
,"C:\\Users\\Ellis Chang\\Documents\\CSE110\\Project\\cse110-w21-group8\\source\\scripts\\taskAdd.js": {"path":"C:\\Users\\Ellis Chang\\Documents\\CSE110\\Project\\cse110-w21-group8\\source\\scripts\\taskAdd.js","statementMap":{"0":{"start":{"line":1,"column":20},"end":{"line":1,"column":21}},"1":{"start":{"line":7,"column":25},"end":{"line":11,"column":1}},"2":{"start":{"line":13,"column":20},"end":{"line":17,"column":1}},"3":{"start":{"line":19,"column":23},"end":{"line":23,"column":1}},"4":{"start":{"line":35,"column":2},"end":{"line":39,"column":3}},"5":{"start":{"line":36,"column":4},"end":{"line":36,"column":65}},"6":{"start":{"line":38,"column":4},"end":{"line":38,"column":64}},"7":{"start":{"line":46,"column":20},"end":{"line":46,"column":64}},"8":{"start":{"line":47,"column":10},"end":{"line":47,"column":11}},"9":{"start":{"line":50,"column":2},"end":{"line":53,"column":3}},"10":{"start":{"line":51,"column":4},"end":{"line":51,"column":47}},"11":{"start":{"line":52,"column":4},"end":{"line":52,"column":11}},"12":{"start":{"line":56,"column":2},"end":{"line":65,"column":3}},"13":{"start":{"line":57,"column":4},"end":{"line":63,"column":5}},"14":{"start":{"line":61,"column":6},"end":{"line":61,"column":42}},"15":{"start":{"line":62,"column":6},"end":{"line":62,"column":13}},"16":{"start":{"line":64,"column":4},"end":{"line":64,"column":8}},"17":{"start":{"line":68,"column":2},"end":{"line":71,"column":3}},"18":{"start":{"line":69,"column":4},"end":{"line":69,"column":64}},"19":{"start":{"line":70,"column":4},"end":{"line":70,"column":11}},"20":{"start":{"line":72,"column":2},"end":{"line":72,"column":18}},"21":{"start":{"line":75,"column":13},"end":{"line":79,"column":28}},"22":{"start":{"line":80,"column":2},"end":{"line":80,"column":76}},"23":{"start":{"line":89,"column":20},"end":{"line":89,"column":64}},"24":{"start":{"line":90,"column":16},"end":{"line":90,"column":48}},"25":{"start":{"line":91,"column":10},"end":{"line":91,"column":11}},"26":{"start":{"line":94,"column":2},"end":{"line":99,"column":3}},"27":{"start":{"line":98,"column":4},"end":{"line":98,"column":8}},"28":{"start":{"line":100,"column":2},"end":{"line":100,"column":66}},"29":{"start":{"line":110,"column":20},"end":{"line":110,"column":64}},"30":{"start":{"line":111,"column":16},"end":{"line":111,"column":48}},"31":{"start":{"line":114,"column":10},"end":{"line":114,"column":11}},"32":{"start":{"line":116,"column":2},"end":{"line":121,"column":3}},"33":{"start":{"line":120,"column":4},"end":{"line":120,"column":8}},"34":{"start":{"line":123,"column":2},"end":{"line":143,"column":3}},"35":{"start":{"line":124,"column":4},"end":{"line":124,"column":59}},"36":{"start":{"line":125,"column":4},"end":{"line":125,"column":11}},"37":{"start":{"line":127,"column":4},"end":{"line":127,"column":32}},"38":{"start":{"line":128,"column":4},"end":{"line":128,"column":35}},"39":{"start":{"line":129,"column":4},"end":{"line":131,"column":16}},"40":{"start":{"line":132,"column":4},"end":{"line":134,"column":16}},"41":{"start":{"line":135,"column":4},"end":{"line":135,"column":66}},"42":{"start":{"line":136,"column":4},"end":{"line":136,"column":67}},"43":{"start":{"line":137,"column":4},"end":{"line":137,"column":54}},"44":{"start":{"line":138,"column":4},"end":{"line":138,"column":58}},"45":{"start":{"line":139,"column":4},"end":{"line":139,"column":74}},"46":{"start":{"line":140,"column":4},"end":{"line":142,"column":26}},"47":{"start":{"line":153,"column":20},"end":{"line":153,"column":64}},"48":{"start":{"line":154,"column":16},"end":{"line":154,"column":48}},"49":{"start":{"line":157,"column":10},"end":{"line":157,"column":11}},"50":{"start":{"line":159,"column":2},"end":{"line":164,"column":3}},"51":{"start":{"line":163,"column":4},"end":{"line":163,"column":8}},"52":{"start":{"line":166,"column":2},"end":{"line":186,"column":3}},"53":{"start":{"line":167,"column":4},"end":{"line":167,"column":62}},"54":{"start":{"line":168,"column":4},"end":{"line":168,"column":11}},"55":{"start":{"line":170,"column":4},"end":{"line":170,"column":32}},"56":{"start":{"line":171,"column":4},"end":{"line":171,"column":35}},"57":{"start":{"line":172,"column":4},"end":{"line":174,"column":16}},"58":{"start":{"line":175,"column":4},"end":{"line":177,"column":16}},"59":{"start":{"line":178,"column":4},"end":{"line":178,"column":66}},"60":{"start":{"line":179,"column":4},"end":{"line":179,"column":67}},"61":{"start":{"line":180,"column":4},"end":{"line":180,"column":54}},"62":{"start":{"line":181,"column":4},"end":{"line":181,"column":58}},"63":{"start":{"line":182,"column":4},"end":{"line":182,"column":74}},"64":{"start":{"line":183,"column":4},"end":{"line":185,"column":26}},"65":{"start":{"line":193,"column":0},"end":{"line":201,"column":1}},"66":{"start":{"line":194,"column":2},"end":{"line":200,"column":4}}},"fnMap":{"0":{"name":"displayInput","decl":{"start":{"line":34,"column":9},"end":{"line":34,"column":21}},"loc":{"start":{"line":34,"column":24},"end":{"line":40,"column":1}},"line":34},"1":{"name":"createTask","decl":{"start":{"line":45,"column":9},"end":{"line":45,"column":19}},"loc":{"start":{"line":45,"column":22},"end":{"line":81,"column":1}},"line":45},"2":{"name":"deleteTask","decl":{"start":{"line":88,"column":9},"end":{"line":88,"column":19}},"loc":{"start":{"line":88,"column":27},"end":{"line":101,"column":1}},"line":88},"3":{"name":"upTask","decl":{"start":{"line":109,"column":9},"end":{"line":109,"column":15}},"loc":{"start":{"line":109,"column":23},"end":{"line":144,"column":1}},"line":109},"4":{"name":"downTask","decl":{"start":{"line":152,"column":9},"end":{"line":152,"column":17}},"loc":{"start":{"line":152,"column":25},"end":{"line":187,"column":1}},"line":152}},"branchMap":{"0":{"loc":{"start":{"line":35,"column":2},"end":{"line":39,"column":3}},"type":"if","locations":[{"start":{"line":35,"column":2},"end":{"line":39,"column":3}},{"start":{"line":35,"column":2},"end":{"line":39,"column":3}}],"line":35},"1":{"loc":{"start":{"line":50,"column":2},"end":{"line":53,"column":3}},"type":"if","locations":[{"start":{"line":50,"column":2},"end":{"line":53,"column":3}},{"start":{"line":50,"column":2},"end":{"line":53,"column":3}}],"line":50},"2":{"loc":{"start":{"line":57,"column":4},"end":{"line":63,"column":5}},"type":"if","locations":[{"start":{"line":57,"column":4},"end":{"line":63,"column":5}},{"start":{"line":57,"column":4},"end":{"line":63,"column":5}}],"line":57},"3":{"loc":{"start":{"line":68,"column":2},"end":{"line":71,"column":3}},"type":"if","locations":[{"start":{"line":68,"column":2},"end":{"line":71,"column":3}},{"start":{"line":68,"column":2},"end":{"line":71,"column":3}}],"line":68},"4":{"loc":{"start":{"line":123,"column":2},"end":{"line":143,"column":3}},"type":"if","locations":[{"start":{"line":123,"column":2},"end":{"line":143,"column":3}},{"start":{"line":123,"column":2},"end":{"line":143,"column":3}}],"line":123},"5":{"loc":{"start":{"line":166,"column":2},"end":{"line":186,"column":3}},"type":"if","locations":[{"start":{"line":166,"column":2},"end":{"line":186,"column":3}},{"start":{"line":166,"column":2},"end":{"line":186,"column":3}}],"line":166},"6":{"loc":{"start":{"line":193,"column":0},"end":{"line":201,"column":1}},"type":"if","locations":[{"start":{"line":193,"column":0},"end":{"line":201,"column":1}},{"start":{"line":193,"column":0},"end":{"line":201,"column":1}}],"line":193}},"s":{"0":1,"1":1,"2":1,"3":1,"4":2,"5":1,"6":1,"7":1,"8":1,"9":1,"10":1,"11":1,"12":0,"13":0,"14":0,"15":0,"16":0,"17":0,"18":0,"19":0,"20":0,"21":0,"22":0,"23":0,"24":0,"25":0,"26":0,"27":0,"28":0,"29":0,"30":0,"31":0,"32":0,"33":0,"34":0,"35":0,"36":0,"37":0,"38":0,"39":0,"40":0,"41":0,"42":0,"43":0,"44":0,"45":0,"46":0,"47":0,"48":0,"49":0,"50":0,"51":0,"52":0,"53":0,"54":0,"55":0,"56":0,"57":0,"58":0,"59":0,"60":0,"61":0,"62":0,"63":0,"64":0,"65":1,"66":1},"f":{"0":2,"1":1,"2":0,"3":0,"4":0},"b":{"0":[1,1],"1":[1,0],"2":[0,0],"3":[0,0],"4":[0,0],"5":[0,0],"6":[1,0]},"_coverageSchema":"1a1c01bbd47fc00a2c39e90264f33305004495a9","hash":"9ae22a1b0941990d6fba06ec2f13d7fcef95a0e5"}
,"C:\\Users\\Ellis Chang\\Documents\\CSE110\\Project\\cse110-w21-group8\\source\\scripts\\timer.js": {"path":"C:\\Users\\Ellis Chang\\Documents\\CSE110\\Project\\cse110-w21-group8\\source\\scripts\\timer.js","statementMap":{"0":{"start":{"line":9,"column":12},"end":{"line":9,"column":13}},"1":{"start":{"line":11,"column":23},"end":{"line":11,"column":24}},"2":{"start":{"line":17,"column":17},"end":{"line":17,"column":18}},"3":{"start":{"line":18,"column":16},"end":{"line":18,"column":17}},"4":{"start":{"line":19,"column":15},"end":{"line":19,"column":53}},"5":{"start":{"line":20,"column":16},"end":{"line":20,"column":18}},"6":{"start":{"line":21,"column":17},"end":{"line":21,"column":18}},"7":{"start":{"line":22,"column":16},"end":{"line":22,"column":18}},"8":{"start":{"line":23,"column":17},"end":{"line":23,"column":20}},"9":{"start":{"line":24,"column":18},"end":{"line":24,"column":19}},"10":{"start":{"line":25,"column":21},"end":{"line":25,"column":22}},"11":{"start":{"line":33,"column":0},"end":{"line":33,"column":32}},"12":{"start":{"line":39,"column":22},"end":{"line":43,"column":1}},"13":{"start":{"line":45,"column":21},"end":{"line":50,"column":1}},"14":{"start":{"line":52,"column":15},"end":{"line":56,"column":1}},"15":{"start":{"line":58,"column":21},"end":{"line":62,"column":1}},"16":{"start":{"line":64,"column":20},"end":{"line":68,"column":1}},"17":{"start":{"line":70,"column":20},"end":{"line":74,"column":1}},"18":{"start":{"line":76,"column":22},"end":{"line":80,"column":1}},"19":{"start":{"line":82,"column":23},"end":{"line":86,"column":1}},"20":{"start":{"line":88,"column":32},"end":{"line":92,"column":1}},"21":{"start":{"line":94,"column":29},"end":{"line":98,"column":1}},"22":{"start":{"line":100,"column":19},"end":{"line":104,"column":1}},"23":{"start":{"line":106,"column":21},"end":{"line":110,"column":1}},"24":{"start":{"line":112,"column":21},"end":{"line":116,"column":1}},"25":{"start":{"line":118,"column":20},"end":{"line":122,"column":1}},"26":{"start":{"line":124,"column":25},"end":{"line":128,"column":1}},"27":{"start":{"line":130,"column":24},"end":{"line":134,"column":1}},"28":{"start":{"line":136,"column":22},"end":{"line":140,"column":1}},"29":{"start":{"line":142,"column":28},"end":{"line":146,"column":1}},"30":{"start":{"line":148,"column":21},"end":{"line":152,"column":1}},"31":{"start":{"line":154,"column":23},"end":{"line":158,"column":1}},"32":{"start":{"line":160,"column":16},"end":{"line":164,"column":1}},"33":{"start":{"line":166,"column":18},"end":{"line":170,"column":1}},"34":{"start":{"line":180,"column":0},"end":{"line":203,"column":1}},"35":{"start":{"line":181,"column":4},"end":{"line":185,"column":5}},"36":{"start":{"line":182,"column":8},"end":{"line":182,"column":67}},"37":{"start":{"line":183,"column":8},"end":{"line":183,"column":66}},"38":{"start":{"line":184,"column":8},"end":{"line":184,"column":71}},"39":{"start":{"line":186,"column":4},"end":{"line":189,"column":5}},"40":{"start":{"line":187,"column":8},"end":{"line":187,"column":74}},"41":{"start":{"line":188,"column":8},"end":{"line":188,"column":73}},"42":{"start":{"line":190,"column":4},"end":{"line":193,"column":5}},"43":{"start":{"line":191,"column":8},"end":{"line":191,"column":72}},"44":{"start":{"line":192,"column":8},"end":{"line":192,"column":71}},"45":{"start":{"line":194,"column":4},"end":{"line":197,"column":5}},"46":{"start":{"line":195,"column":8},"end":{"line":195,"column":69}},"47":{"start":{"line":196,"column":8},"end":{"line":196,"column":68}},"48":{"start":{"line":198,"column":4},"end":{"line":200,"column":5}},"49":{"start":{"line":199,"column":8},"end":{"line":199,"column":66}},"50":{"start":{"line":202,"column":4},"end":{"line":202,"column":64}},"51":{"start":{"line":215,"column":4},"end":{"line":242,"column":3}},"52":{"start":{"line":216,"column":8},"end":{"line":219,"column":9}},"53":{"start":{"line":217,"column":12},"end":{"line":217,"column":69}},"54":{"start":{"line":218,"column":12},"end":{"line":218,"column":19}},"55":{"start":{"line":222,"column":8},"end":{"line":222,"column":26}},"56":{"start":{"line":223,"column":8},"end":{"line":223,"column":28}},"57":{"start":{"line":224,"column":8},"end":{"line":224,"column":20}},"58":{"start":{"line":227,"column":8},"end":{"line":227,"column":44}},"59":{"start":{"line":228,"column":8},"end":{"line":228,"column":53}},"60":{"start":{"line":231,"column":8},"end":{"line":231,"column":71}},"61":{"start":{"line":232,"column":8},"end":{"line":232,"column":110}},"62":{"start":{"line":235,"column":8},"end":{"line":237,"column":9}},"63":{"start":{"line":236,"column":12},"end":{"line":236,"column":26}},"64":{"start":{"line":240,"column":8},"end":{"line":240,"column":26}},"65":{"start":{"line":241,"column":8},"end":{"line":241,"column":15}},"66":{"start":{"line":250,"column":2},"end":{"line":250,"column":12}},"67":{"start":{"line":253,"column":2},"end":{"line":286,"column":3}},"68":{"start":{"line":254,"column":4},"end":{"line":254,"column":14}},"69":{"start":{"line":257,"column":4},"end":{"line":285,"column":5}},"70":{"start":{"line":258,"column":6},"end":{"line":258,"column":30}},"71":{"start":{"line":259,"column":6},"end":{"line":259,"column":31}},"72":{"start":{"line":262,"column":6},"end":{"line":278,"column":7}},"73":{"start":{"line":266,"column":8},"end":{"line":266,"column":22}},"74":{"start":{"line":269,"column":8},"end":{"line":277,"column":9}},"75":{"start":{"line":273,"column":10},"end":{"line":273,"column":24}},"76":{"start":{"line":274,"column":10},"end":{"line":274,"column":28}},"77":{"start":{"line":275,"column":10},"end":{"line":275,"column":17}},"78":{"start":{"line":276,"column":10},"end":{"line":276,"column":17}},"79":{"start":{"line":281,"column":6},"end":{"line":281,"column":20}},"80":{"start":{"line":282,"column":6},"end":{"line":282,"column":21}},"81":{"start":{"line":284,"column":6},"end":{"line":284,"column":19}},"82":{"start":{"line":289,"column":2},"end":{"line":293,"column":3}},"83":{"start":{"line":290,"column":4},"end":{"line":290,"column":73}},"84":{"start":{"line":292,"column":4},"end":{"line":292,"column":74}},"85":{"start":{"line":302,"column":2},"end":{"line":354,"column":3}},"86":{"start":{"line":306,"column":4},"end":{"line":306,"column":53}},"87":{"start":{"line":309,"column":4},"end":{"line":309,"column":12}},"88":{"start":{"line":310,"column":4},"end":{"line":310,"column":17}},"89":{"start":{"line":311,"column":4},"end":{"line":311,"column":61}},"90":{"start":{"line":312,"column":4},"end":{"line":312,"column":18}},"91":{"start":{"line":315,"column":4},"end":{"line":315,"column":23}},"92":{"start":{"line":318,"column":4},"end":{"line":337,"column":5}},"93":{"start":{"line":319,"column":6},"end":{"line":320,"column":57}},"94":{"start":{"line":321,"column":6},"end":{"line":321,"column":27}},"95":{"start":{"line":322,"column":6},"end":{"line":322,"column":18}},"96":{"start":{"line":323,"column":6},"end":{"line":323,"column":42}},"97":{"start":{"line":324,"column":6},"end":{"line":324,"column":51}},"98":{"start":{"line":325,"column":6},"end":{"line":325,"column":70}},"99":{"start":{"line":329,"column":6},"end":{"line":329,"column":27}},"100":{"start":{"line":330,"column":6},"end":{"line":331,"column":56}},"101":{"start":{"line":332,"column":6},"end":{"line":332,"column":26}},"102":{"start":{"line":333,"column":6},"end":{"line":333,"column":18}},"103":{"start":{"line":334,"column":6},"end":{"line":334,"column":42}},"104":{"start":{"line":335,"column":6},"end":{"line":335,"column":51}},"105":{"start":{"line":336,"column":6},"end":{"line":336,"column":69}},"106":{"start":{"line":340,"column":9},"end":{"line":354,"column":3}},"107":{"start":{"line":346,"column":4},"end":{"line":347,"column":49}},"108":{"start":{"line":348,"column":4},"end":{"line":348,"column":54}},"109":{"start":{"line":349,"column":4},"end":{"line":349,"column":24}},"110":{"start":{"line":350,"column":4},"end":{"line":350,"column":16}},"111":{"start":{"line":351,"column":4},"end":{"line":351,"column":40}},"112":{"start":{"line":352,"column":4},"end":{"line":352,"column":49}},"113":{"start":{"line":353,"column":4},"end":{"line":353,"column":67}},"114":{"start":{"line":361,"column":4},"end":{"line":367,"column":5}},"115":{"start":{"line":362,"column":8},"end":{"line":362,"column":95}},"116":{"start":{"line":363,"column":11},"end":{"line":367,"column":5}},"117":{"start":{"line":364,"column":8},"end":{"line":364,"column":94}},"118":{"start":{"line":366,"column":8},"end":{"line":366,"column":85}},"119":{"start":{"line":379,"column":4},"end":{"line":379,"column":54}},"120":{"start":{"line":382,"column":4},"end":{"line":426,"column":5}},"121":{"start":{"line":383,"column":8},"end":{"line":383,"column":65}},"122":{"start":{"line":386,"column":8},"end":{"line":389,"column":9}},"123":{"start":{"line":387,"column":12},"end":{"line":387,"column":20}},"124":{"start":{"line":388,"column":12},"end":{"line":388,"column":25}},"125":{"start":{"line":390,"column":8},"end":{"line":390,"column":65}},"126":{"start":{"line":391,"column":8},"end":{"line":391,"column":32}},"127":{"start":{"line":392,"column":8},"end":{"line":392,"column":33}},"128":{"start":{"line":393,"column":8},"end":{"line":393,"column":28}},"129":{"start":{"line":394,"column":8},"end":{"line":394,"column":20}},"130":{"start":{"line":395,"column":8},"end":{"line":395,"column":71}},"131":{"start":{"line":396,"column":8},"end":{"line":396,"column":111}},"132":{"start":{"line":397,"column":8},"end":{"line":397,"column":98}},"133":{"start":{"line":398,"column":8},"end":{"line":398,"column":62}},"134":{"start":{"line":399,"column":8},"end":{"line":399,"column":63}},"135":{"start":{"line":400,"column":8},"end":{"line":400,"column":22}},"136":{"start":{"line":401,"column":8},"end":{"line":401,"column":29}},"137":{"start":{"line":402,"column":8},"end":{"line":402,"column":23}},"138":{"start":{"line":405,"column":11},"end":{"line":426,"column":5}},"139":{"start":{"line":406,"column":8},"end":{"line":409,"column":9}},"140":{"start":{"line":407,"column":12},"end":{"line":407,"column":20}},"141":{"start":{"line":408,"column":12},"end":{"line":408,"column":25}},"142":{"start":{"line":410,"column":8},"end":{"line":410,"column":65}},"143":{"start":{"line":411,"column":8},"end":{"line":411,"column":32}},"144":{"start":{"line":412,"column":8},"end":{"line":412,"column":33}},"145":{"start":{"line":413,"column":8},"end":{"line":413,"column":28}},"146":{"start":{"line":414,"column":8},"end":{"line":414,"column":20}},"147":{"start":{"line":415,"column":8},"end":{"line":415,"column":71}},"148":{"start":{"line":416,"column":8},"end":{"line":416,"column":110}},"149":{"start":{"line":417,"column":8},"end":{"line":417,"column":98}},"150":{"start":{"line":418,"column":8},"end":{"line":418,"column":32}},"151":{"start":{"line":419,"column":8},"end":{"line":419,"column":63}},"152":{"start":{"line":420,"column":8},"end":{"line":420,"column":22}},"153":{"start":{"line":421,"column":8},"end":{"line":421,"column":29}},"154":{"start":{"line":422,"column":8},"end":{"line":422,"column":23}},"155":{"start":{"line":425,"column":8},"end":{"line":425,"column":66}},"156":{"start":{"line":438,"column":4},"end":{"line":438,"column":104}},"157":{"start":{"line":439,"column":4},"end":{"line":441,"column":5}},"158":{"start":{"line":440,"column":8},"end":{"line":440,"column":26}},"159":{"start":{"line":442,"column":4},"end":{"line":442,"column":99}},"160":{"start":{"line":443,"column":4},"end":{"line":443,"column":127}},"161":{"start":{"line":444,"column":4},"end":{"line":444,"column":66}},"162":{"start":{"line":445,"column":4},"end":{"line":445,"column":100}},"163":{"start":{"line":453,"column":4},"end":{"line":453,"column":16}},"164":{"start":{"line":454,"column":4},"end":{"line":454,"column":66}},"165":{"start":{"line":455,"column":4},"end":{"line":457,"column":5}},"166":{"start":{"line":456,"column":8},"end":{"line":456,"column":25}},"167":{"start":{"line":466,"column":2},"end":{"line":468,"column":3}},"168":{"start":{"line":467,"column":6},"end":{"line":467,"column":41}},"169":{"start":{"line":469,"column":2},"end":{"line":477,"column":3}},"170":{"start":{"line":470,"column":6},"end":{"line":470,"column":13}},"171":{"start":{"line":471,"column":9},"end":{"line":477,"column":3}},"172":{"start":{"line":472,"column":6},"end":{"line":472,"column":24}},"173":{"start":{"line":473,"column":6},"end":{"line":473,"column":30}},"174":{"start":{"line":474,"column":6},"end":{"line":474,"column":13}},"175":{"start":{"line":476,"column":6},"end":{"line":476,"column":27}},"176":{"start":{"line":485,"column":2},"end":{"line":485,"column":14}},"177":{"start":{"line":486,"column":2},"end":{"line":486,"column":64}},"178":{"start":{"line":497,"column":2},"end":{"line":515,"column":3}},"179":{"start":{"line":498,"column":4},"end":{"line":498,"column":71}},"180":{"start":{"line":500,"column":4},"end":{"line":514,"column":5}},"181":{"start":{"line":502,"column":6},"end":{"line":502,"column":24}},"182":{"start":{"line":503,"column":11},"end":{"line":514,"column":5}},"183":{"start":{"line":505,"column":6},"end":{"line":511,"column":9}},"184":{"start":{"line":506,"column":8},"end":{"line":510,"column":9}},"185":{"start":{"line":507,"column":10},"end":{"line":507,"column":28}},"186":{"start":{"line":509,"column":10},"end":{"line":509,"column":29}},"187":{"start":{"line":513,"column":6},"end":{"line":513,"column":25}},"188":{"start":{"line":522,"column":2},"end":{"line":573,"column":3}},"189":{"start":{"line":527,"column":4},"end":{"line":532,"column":6}},"190":{"start":{"line":533,"column":9},"end":{"line":573,"column":3}},"191":{"start":{"line":538,"column":4},"end":{"line":552,"column":5}},"192":{"start":{"line":539,"column":6},"end":{"line":544,"column":8}},"193":{"start":{"line":546,"column":6},"end":{"line":551,"column":8}},"194":{"start":{"line":553,"column":9},"end":{"line":573,"column":3}},"195":{"start":{"line":557,"column":4},"end":{"line":562,"column":6}},"196":{"start":{"line":563,"column":9},"end":{"line":573,"column":3}},"197":{"start":{"line":567,"column":4},"end":{"line":572,"column":6}},"198":{"start":{"line":574,"column":2},"end":{"line":574,"column":45}},"199":{"start":{"line":581,"column":16},"end":{"line":581,"column":58}},"200":{"start":{"line":582,"column":4},"end":{"line":582,"column":70}},"201":{"start":{"line":583,"column":4},"end":{"line":583,"column":17}},"202":{"start":{"line":590,"column":2},"end":{"line":595,"column":3}},"203":{"start":{"line":591,"column":4},"end":{"line":594,"column":5}},"204":{"start":{"line":592,"column":6},"end":{"line":592,"column":26}},"205":{"start":{"line":593,"column":6},"end":{"line":593,"column":26}},"206":{"start":{"line":602,"column":2},"end":{"line":610,"column":3}},"207":{"start":{"line":603,"column":6},"end":{"line":603,"column":57}},"208":{"start":{"line":604,"column":6},"end":{"line":604,"column":117}},"209":{"start":{"line":605,"column":6},"end":{"line":605,"column":25}},"210":{"start":{"line":606,"column":9},"end":{"line":610,"column":3}},"211":{"start":{"line":607,"column":6},"end":{"line":607,"column":59}},"212":{"start":{"line":608,"column":6},"end":{"line":608,"column":115}},"213":{"start":{"line":609,"column":6},"end":{"line":609,"column":24}},"214":{"start":{"line":621,"column":4},"end":{"line":621,"column":64}},"215":{"start":{"line":622,"column":4},"end":{"line":622,"column":63}},"216":{"start":{"line":629,"column":4},"end":{"line":629,"column":63}},"217":{"start":{"line":630,"column":4},"end":{"line":630,"column":62}},"218":{"start":{"line":637,"column":4},"end":{"line":637,"column":69}},"219":{"start":{"line":638,"column":4},"end":{"line":638,"column":63}},"220":{"start":{"line":645,"column":2},"end":{"line":645,"column":66}},"221":{"start":{"line":646,"column":2},"end":{"line":646,"column":60}},"222":{"start":{"line":647,"column":2},"end":{"line":647,"column":60}},"223":{"start":{"line":648,"column":2},"end":{"line":648,"column":67}},"224":{"start":{"line":649,"column":2},"end":{"line":649,"column":65}},"225":{"start":{"line":650,"column":2},"end":{"line":650,"column":62}},"226":{"start":{"line":659,"column":4},"end":{"line":668,"column":5}},"227":{"start":{"line":660,"column":8},"end":{"line":660,"column":71}},"228":{"start":{"line":661,"column":8},"end":{"line":661,"column":15}},"229":{"start":{"line":662,"column":11},"end":{"line":668,"column":5}},"230":{"start":{"line":663,"column":8},"end":{"line":663,"column":71}},"231":{"start":{"line":664,"column":8},"end":{"line":664,"column":15}},"232":{"start":{"line":665,"column":11},"end":{"line":668,"column":5}},"233":{"start":{"line":666,"column":8},"end":{"line":666,"column":71}},"234":{"start":{"line":667,"column":8},"end":{"line":667,"column":15}},"235":{"start":{"line":670,"column":4},"end":{"line":670,"column":62}},"236":{"start":{"line":671,"column":4},"end":{"line":671,"column":69}},"237":{"start":{"line":672,"column":4},"end":{"line":672,"column":67}},"238":{"start":{"line":673,"column":4},"end":{"line":673,"column":64}},"239":{"start":{"line":674,"column":4},"end":{"line":674,"column":67}},"240":{"start":{"line":676,"column":4},"end":{"line":676,"column":57}},"241":{"start":{"line":677,"column":4},"end":{"line":677,"column":64}},"242":{"start":{"line":678,"column":4},"end":{"line":678,"column":62}},"243":{"start":{"line":679,"column":4},"end":{"line":679,"column":59}},"244":{"start":{"line":686,"column":4},"end":{"line":686,"column":72}},"245":{"start":{"line":687,"column":23},"end":{"line":687,"column":135}},"246":{"start":{"line":688,"column":4},"end":{"line":688,"column":92}},"247":{"start":{"line":689,"column":4},"end":{"line":689,"column":20}},"248":{"start":{"line":690,"column":4},"end":{"line":690,"column":121}},"249":{"start":{"line":691,"column":4},"end":{"line":691,"column":64}},"250":{"start":{"line":692,"column":4},"end":{"line":692,"column":56}},"251":{"start":{"line":699,"column":0},"end":{"line":715,"column":1}},"252":{"start":{"line":700,"column":4},"end":{"line":714,"column":6}}},"fnMap":{"0":{"name":"(anonymous_0)","decl":{"start":{"line":180,"column":16},"end":{"line":180,"column":17}},"loc":{"start":{"line":180,"column":28},"end":{"line":203,"column":1}},"line":180},"1":{"name":"timeStart","decl":{"start":{"line":214,"column":9},"end":{"line":214,"column":18}},"loc":{"start":{"line":214,"column":21},"end":{"line":243,"column":1}},"line":214},"2":{"name":"count","decl":{"start":{"line":249,"column":9},"end":{"line":249,"column":14}},"loc":{"start":{"line":249,"column":17},"end":{"line":294,"column":1}},"line":249},"3":{"name":"switchTimes","decl":{"start":{"line":299,"column":10},"end":{"line":299,"column":21}},"loc":{"start":{"line":299,"column":24},"end":{"line":355,"column":1}},"line":299},"4":{"name":"switchThemes","decl":{"start":{"line":360,"column":9},"end":{"line":360,"column":21}},"loc":{"start":{"line":360,"column":24},"end":{"line":368,"column":2}},"line":360},"5":{"name":"stop","decl":{"start":{"line":376,"column":9},"end":{"line":376,"column":13}},"loc":{"start":{"line":376,"column":16},"end":{"line":427,"column":2}},"line":376},"6":{"name":"moveTask","decl":{"start":{"line":437,"column":9},"end":{"line":437,"column":17}},"loc":{"start":{"line":437,"column":25},"end":{"line":446,"column":1}},"line":437},"7":{"name":"taskTracker","decl":{"start":{"line":452,"column":9},"end":{"line":452,"column":20}},"loc":{"start":{"line":452,"column":23},"end":{"line":458,"column":1}},"line":452},"8":{"name":"taskComplete","decl":{"start":{"line":465,"column":10},"end":{"line":465,"column":22}},"loc":{"start":{"line":465,"column":25},"end":{"line":478,"column":1}},"line":465},"9":{"name":"increasePomos","decl":{"start":{"line":484,"column":10},"end":{"line":484,"column":23}},"loc":{"start":{"line":484,"column":26},"end":{"line":487,"column":1}},"line":484},"10":{"name":"notificationPermission","decl":{"start":{"line":496,"column":9},"end":{"line":496,"column":31}},"loc":{"start":{"line":496,"column":34},"end":{"line":516,"column":1}},"line":496},"11":{"name":"(anonymous_11)","decl":{"start":{"line":505,"column":44},"end":{"line":505,"column":45}},"loc":{"start":{"line":505,"column":57},"end":{"line":511,"column":7}},"line":505},"12":{"name":"popupNotification","decl":{"start":{"line":521,"column":9},"end":{"line":521,"column":26}},"loc":{"start":{"line":521,"column":29},"end":{"line":575,"column":1}},"line":521},"13":{"name":"soundNotification","decl":{"start":{"line":580,"column":9},"end":{"line":580,"column":26}},"loc":{"start":{"line":580,"column":29},"end":{"line":584,"column":1}},"line":580},"14":{"name":"notifications","decl":{"start":{"line":589,"column":9},"end":{"line":589,"column":22}},"loc":{"start":{"line":589,"column":25},"end":{"line":596,"column":1}},"line":589},"15":{"name":"mute","decl":{"start":{"line":601,"column":10},"end":{"line":601,"column":14}},"loc":{"start":{"line":601,"column":17},"end":{"line":611,"column":1}},"line":601},"16":{"name":"displayActivity","decl":{"start":{"line":620,"column":9},"end":{"line":620,"column":24}},"loc":{"start":{"line":620,"column":27},"end":{"line":623,"column":1}},"line":620},"17":{"name":"activityClose","decl":{"start":{"line":628,"column":9},"end":{"line":628,"column":22}},"loc":{"start":{"line":628,"column":25},"end":{"line":631,"column":1}},"line":628},"18":{"name":"displaySettings","decl":{"start":{"line":636,"column":9},"end":{"line":636,"column":24}},"loc":{"start":{"line":636,"column":27},"end":{"line":639,"column":1}},"line":636},"19":{"name":"settingsClose","decl":{"start":{"line":644,"column":9},"end":{"line":644,"column":22}},"loc":{"start":{"line":644,"column":25},"end":{"line":651,"column":1}},"line":644},"20":{"name":"save","decl":{"start":{"line":658,"column":9},"end":{"line":658,"column":13}},"loc":{"start":{"line":658,"column":16},"end":{"line":680,"column":1}},"line":658},"21":{"name":"addTaskActivity","decl":{"start":{"line":685,"column":9},"end":{"line":685,"column":24}},"loc":{"start":{"line":685,"column":27},"end":{"line":693,"column":1}},"line":685}},"branchMap":{"0":{"loc":{"start":{"line":181,"column":4},"end":{"line":185,"column":5}},"type":"if","locations":[{"start":{"line":181,"column":4},"end":{"line":185,"column":5}},{"start":{"line":181,"column":4},"end":{"line":185,"column":5}}],"line":181},"1":{"loc":{"start":{"line":186,"column":4},"end":{"line":189,"column":5}},"type":"if","locations":[{"start":{"line":186,"column":4},"end":{"line":189,"column":5}},{"start":{"line":186,"column":4},"end":{"line":189,"column":5}}],"line":186},"2":{"loc":{"start":{"line":190,"column":4},"end":{"line":193,"column":5}},"type":"if","locations":[{"start":{"line":190,"column":4},"end":{"line":193,"column":5}},{"start":{"line":190,"column":4},"end":{"line":193,"column":5}}],"line":190},"3":{"loc":{"start":{"line":194,"column":4},"end":{"line":197,"column":5}},"type":"if","locations":[{"start":{"line":194,"column":4},"end":{"line":197,"column":5}},{"start":{"line":194,"column":4},"end":{"line":197,"column":5}}],"line":194},"4":{"loc":{"start":{"line":198,"column":4},"end":{"line":200,"column":5}},"type":"if","locations":[{"start":{"line":198,"column":4},"end":{"line":200,"column":5}},{"start":{"line":198,"column":4},"end":{"line":200,"column":5}}],"line":198},"5":{"loc":{"start":{"line":198,"column":8},"end":{"line":198,"column":97}},"type":"binary-expr","locations":[{"start":{"line":198,"column":8},"end":{"line":198,"column":50}},{"start":{"line":198,"column":55},"end":{"line":198,"column":97}}],"line":198},"6":{"loc":{"start":{"line":215,"column":4},"end":{"line":242,"column":3}},"type":"if","locations":[{"start":{"line":215,"column":4},"end":{"line":242,"column":3}},{"start":{"line":215,"column":4},"end":{"line":242,"column":3}}],"line":215},"7":{"loc":{"start":{"line":216,"column":8},"end":{"line":219,"column":9}},"type":"if","locations":[{"start":{"line":216,"column":8},"end":{"line":219,"column":9}},{"start":{"line":216,"column":8},"end":{"line":219,"column":9}}],"line":216},"8":{"loc":{"start":{"line":235,"column":8},"end":{"line":237,"column":9}},"type":"if","locations":[{"start":{"line":235,"column":8},"end":{"line":237,"column":9}},{"start":{"line":235,"column":8},"end":{"line":237,"column":9}}],"line":235},"9":{"loc":{"start":{"line":253,"column":2},"end":{"line":286,"column":3}},"type":"if","locations":[{"start":{"line":253,"column":2},"end":{"line":286,"column":3}},{"start":{"line":253,"column":2},"end":{"line":286,"column":3}}],"line":253},"10":{"loc":{"start":{"line":257,"column":4},"end":{"line":285,"column":5}},"type":"if","locations":[{"start":{"line":257,"column":4},"end":{"line":285,"column":5}},{"start":{"line":257,"column":4},"end":{"line":285,"column":5}}],"line":257},"11":{"loc":{"start":{"line":262,"column":6},"end":{"line":278,"column":7}},"type":"if","locations":[{"start":{"line":262,"column":6},"end":{"line":278,"column":7}},{"start":{"line":262,"column":6},"end":{"line":278,"column":7}}],"line":262},"12":{"loc":{"start":{"line":269,"column":8},"end":{"line":277,"column":9}},"type":"if","locations":[{"start":{"line":269,"column":8},"end":{"line":277,"column":9}},{"start":{"line":269,"column":8},"end":{"line":277,"column":9}}],"line":269},"13":{"loc":{"start":{"line":270,"column":10},"end":{"line":271,"column":24}},"type":"binary-expr","locations":[{"start":{"line":270,"column":10},"end":{"line":270,"column":64}},{"start":{"line":271,"column":10},"end":{"line":271,"column":24}}],"line":270},"14":{"loc":{"start":{"line":289,"column":2},"end":{"line":293,"column":3}},"type":"if","locations":[{"start":{"line":289,"column":2},"end":{"line":293,"column":3}},{"start":{"line":289,"column":2},"end":{"line":293,"column":3}}],"line":289},"15":{"loc":{"start":{"line":302,"column":2},"end":{"line":354,"column":3}},"type":"if","locations":[{"start":{"line":302,"column":2},"end":{"line":354,"column":3}},{"start":{"line":302,"column":2},"end":{"line":354,"column":3}}],"line":302},"16":{"loc":{"start":{"line":318,"column":4},"end":{"line":337,"column":5}},"type":"if","locations":[{"start":{"line":318,"column":4},"end":{"line":337,"column":5}},{"start":{"line":318,"column":4},"end":{"line":337,"column":5}}],"line":318},"17":{"loc":{"start":{"line":340,"column":9},"end":{"line":354,"column":3}},"type":"if","locations":[{"start":{"line":340,"column":9},"end":{"line":354,"column":3}},{"start":{"line":340,"column":9},"end":{"line":354,"column":3}}],"line":340},"18":{"loc":{"start":{"line":341,"column":4},"end":{"line":344,"column":53}},"type":"binary-expr","locations":[{"start":{"line":341,"column":4},"end":{"line":342,"column":54}},{"start":{"line":343,"column":4},"end":{"line":344,"column":53}}],"line":341},"19":{"loc":{"start":{"line":361,"column":4},"end":{"line":367,"column":5}},"type":"if","locations":[{"start":{"line":361,"column":4},"end":{"line":367,"column":5}},{"start":{"line":361,"column":4},"end":{"line":367,"column":5}}],"line":361},"20":{"loc":{"start":{"line":363,"column":11},"end":{"line":367,"column":5}},"type":"if","locations":[{"start":{"line":363,"column":11},"end":{"line":367,"column":5}},{"start":{"line":363,"column":11},"end":{"line":367,"column":5}}],"line":363},"21":{"loc":{"start":{"line":382,"column":4},"end":{"line":426,"column":5}},"type":"if","locations":[{"start":{"line":382,"column":4},"end":{"line":426,"column":5}},{"start":{"line":382,"column":4},"end":{"line":426,"column":5}}],"line":382},"22":{"loc":{"start":{"line":386,"column":8},"end":{"line":389,"column":9}},"type":"if","locations":[{"start":{"line":386,"column":8},"end":{"line":389,"column":9}},{"start":{"line":386,"column":8},"end":{"line":389,"column":9}}],"line":386},"23":{"loc":{"start":{"line":405,"column":11},"end":{"line":426,"column":5}},"type":"if","locations":[{"start":{"line":405,"column":11},"end":{"line":426,"column":5}},{"start":{"line":405,"column":11},"end":{"line":426,"column":5}}],"line":405},"24":{"loc":{"start":{"line":406,"column":8},"end":{"line":409,"column":9}},"type":"if","locations":[{"start":{"line":406,"column":8},"end":{"line":409,"column":9}},{"start":{"line":406,"column":8},"end":{"line":409,"column":9}}],"line":406},"25":{"loc":{"start":{"line":439,"column":4},"end":{"line":441,"column":5}},"type":"if","locations":[{"start":{"line":439,"column":4},"end":{"line":441,"column":5}},{"start":{"line":439,"column":4},"end":{"line":441,"column":5}}],"line":439},"26":{"loc":{"start":{"line":455,"column":4},"end":{"line":457,"column":5}},"type":"if","locations":[{"start":{"line":455,"column":4},"end":{"line":457,"column":5}},{"start":{"line":455,"column":4},"end":{"line":457,"column":5}}],"line":455},"27":{"loc":{"start":{"line":455,"column":8},"end":{"line":455,"column":80}},"type":"binary-expr","locations":[{"start":{"line":455,"column":8},"end":{"line":455,"column":22}},{"start":{"line":455,"column":26},"end":{"line":455,"column":80}}],"line":455},"28":{"loc":{"start":{"line":466,"column":2},"end":{"line":468,"column":3}},"type":"if","locations":[{"start":{"line":466,"column":2},"end":{"line":468,"column":3}},{"start":{"line":466,"column":2},"end":{"line":468,"column":3}}],"line":466},"29":{"loc":{"start":{"line":469,"column":2},"end":{"line":477,"column":3}},"type":"if","locations":[{"start":{"line":469,"column":2},"end":{"line":477,"column":3}},{"start":{"line":469,"column":2},"end":{"line":477,"column":3}}],"line":469},"30":{"loc":{"start":{"line":471,"column":9},"end":{"line":477,"column":3}},"type":"if","locations":[{"start":{"line":471,"column":9},"end":{"line":477,"column":3}},{"start":{"line":471,"column":9},"end":{"line":477,"column":3}}],"line":471},"31":{"loc":{"start":{"line":497,"column":2},"end":{"line":515,"column":3}},"type":"if","locations":[{"start":{"line":497,"column":2},"end":{"line":515,"column":3}},{"start":{"line":497,"column":2},"end":{"line":515,"column":3}}],"line":497},"32":{"loc":{"start":{"line":500,"column":4},"end":{"line":514,"column":5}},"type":"if","locations":[{"start":{"line":500,"column":4},"end":{"line":514,"column":5}},{"start":{"line":500,"column":4},"end":{"line":514,"column":5}}],"line":500},"33":{"loc":{"start":{"line":503,"column":11},"end":{"line":514,"column":5}},"type":"if","locations":[{"start":{"line":503,"column":11},"end":{"line":514,"column":5}},{"start":{"line":503,"column":11},"end":{"line":514,"column":5}}],"line":503},"34":{"loc":{"start":{"line":506,"column":8},"end":{"line":510,"column":9}},"type":"if","locations":[{"start":{"line":506,"column":8},"end":{"line":510,"column":9}},{"start":{"line":506,"column":8},"end":{"line":510,"column":9}}],"line":506},"35":{"loc":{"start":{"line":522,"column":2},"end":{"line":573,"column":3}},"type":"if","locations":[{"start":{"line":522,"column":2},"end":{"line":573,"column":3}},{"start":{"line":522,"column":2},"end":{"line":573,"column":3}}],"line":522},"36":{"loc":{"start":{"line":523,"column":4},"end":{"line":525,"column":48}},"type":"binary-expr","locations":[{"start":{"line":523,"column":4},"end":{"line":523,"column":18}},{"start":{"line":524,"column":4},"end":{"line":525,"column":48}}],"line":523},"37":{"loc":{"start":{"line":533,"column":9},"end":{"line":573,"column":3}},"type":"if","locations":[{"start":{"line":533,"column":9},"end":{"line":573,"column":3}},{"start":{"line":533,"column":9},"end":{"line":573,"column":3}}],"line":533},"38":{"loc":{"start":{"line":534,"column":4},"end":{"line":536,"column":17}},"type":"binary-expr","locations":[{"start":{"line":534,"column":4},"end":{"line":535,"column":48}},{"start":{"line":536,"column":4},"end":{"line":536,"column":17}}],"line":534},"39":{"loc":{"start":{"line":538,"column":4},"end":{"line":552,"column":5}},"type":"if","locations":[{"start":{"line":538,"column":4},"end":{"line":552,"column":5}},{"start":{"line":538,"column":4},"end":{"line":552,"column":5}}],"line":538},"40":{"loc":{"start":{"line":553,"column":9},"end":{"line":573,"column":3}},"type":"if","locations":[{"start":{"line":553,"column":9},"end":{"line":573,"column":3}},{"start":{"line":553,"column":9},"end":{"line":573,"column":3}}],"line":553},"41":{"loc":{"start":{"line":563,"column":9},"end":{"line":573,"column":3}},"type":"if","locations":[{"start":{"line":563,"column":9},"end":{"line":573,"column":3}},{"start":{"line":563,"column":9},"end":{"line":573,"column":3}}],"line":563},"42":{"loc":{"start":{"line":590,"column":2},"end":{"line":595,"column":3}},"type":"if","locations":[{"start":{"line":590,"column":2},"end":{"line":595,"column":3}},{"start":{"line":590,"column":2},"end":{"line":595,"column":3}}],"line":590},"43":{"loc":{"start":{"line":591,"column":4},"end":{"line":594,"column":5}},"type":"if","locations":[{"start":{"line":591,"column":4},"end":{"line":594,"column":5}},{"start":{"line":591,"column":4},"end":{"line":594,"column":5}}],"line":591},"44":{"loc":{"start":{"line":591,"column":8},"end":{"line":591,"column":36}},"type":"binary-expr","locations":[{"start":{"line":591,"column":8},"end":{"line":591,"column":20}},{"start":{"line":591,"column":24},"end":{"line":591,"column":36}}],"line":591},"45":{"loc":{"start":{"line":602,"column":2},"end":{"line":610,"column":3}},"type":"if","locations":[{"start":{"line":602,"column":2},"end":{"line":610,"column":3}},{"start":{"line":602,"column":2},"end":{"line":610,"column":3}}],"line":602},"46":{"loc":{"start":{"line":606,"column":9},"end":{"line":610,"column":3}},"type":"if","locations":[{"start":{"line":606,"column":9},"end":{"line":610,"column":3}},{"start":{"line":606,"column":9},"end":{"line":610,"column":3}}],"line":606},"47":{"loc":{"start":{"line":659,"column":4},"end":{"line":668,"column":5}},"type":"if","locations":[{"start":{"line":659,"column":4},"end":{"line":668,"column":5}},{"start":{"line":659,"column":4},"end":{"line":668,"column":5}}],"line":659},"48":{"loc":{"start":{"line":662,"column":11},"end":{"line":668,"column":5}},"type":"if","locations":[{"start":{"line":662,"column":11},"end":{"line":668,"column":5}},{"start":{"line":662,"column":11},"end":{"line":668,"column":5}}],"line":662},"49":{"loc":{"start":{"line":665,"column":11},"end":{"line":668,"column":5}},"type":"if","locations":[{"start":{"line":665,"column":11},"end":{"line":668,"column":5}},{"start":{"line":665,"column":11},"end":{"line":668,"column":5}}],"line":665},"50":{"loc":{"start":{"line":699,"column":0},"end":{"line":715,"column":1}},"type":"if","locations":[{"start":{"line":699,"column":0},"end":{"line":715,"column":1}},{"start":{"line":699,"column":0},"end":{"line":715,"column":1}}],"line":699}},"s":{"0":1,"1":1,"2":1,"3":1,"4":1,"5":1,"6":1,"7":1,"8":1,"9":1,"10":1,"11":1,"12":1,"13":1,"14":1,"15":1,"16":1,"17":1,"18":1,"19":1,"20":1,"21":1,"22":1,"23":1,"24":1,"25":1,"26":1,"27":1,"28":1,"29":1,"30":1,"31":1,"32":1,"33":1,"34":1,"35":1,"36":0,"37":0,"38":0,"39":1,"40":0,"41":0,"42":1,"43":0,"44":0,"45":1,"46":0,"47":0,"48":1,"49":0,"50":1,"51":2,"52":2,"53":1,"54":1,"55":1,"56":1,"57":1,"58":1,"59":1,"60":1,"61":1,"62":0,"63":0,"64":0,"65":0,"66":8760,"67":8760,"68":146,"69":146,"70":0,"71":0,"72":0,"73":0,"74":0,"75":0,"76":0,"77":0,"78":0,"79":0,"80":0,"81":146,"82":8760,"83":7300,"84":1460,"85":9,"86":5,"87":5,"88":5,"89":5,"90":5,"91":5,"92":5,"93":4,"94":4,"95":4,"96":4,"97":4,"98":4,"99":1,"100":1,"101":1,"102":1,"103":1,"104":1,"105":1,"106":4,"107":4,"108":4,"109":4,"110":4,"111":4,"112":4,"113":4,"114":2,"115":1,"116":1,"117":0,"118":1,"119":1,"120":1,"121":1,"122":1,"123":0,"124":0,"125":1,"126":1,"127":1,"128":1,"129":1,"130":1,"131":1,"132":1,"133":1,"134":1,"135":1,"136":1,"137":1,"138":0,"139":0,"140":0,"141":0,"142":0,"143":0,"144":0,"145":0,"146":0,"147":0,"148":0,"149":0,"150":0,"151":0,"152":0,"153":0,"154":0,"155":0,"156":1,"157":1,"158":0,"159":1,"160":1,"161":1,"162":1,"163":1,"164":1,"165":1,"166":0,"167":0,"168":0,"169":0,"170":0,"171":0,"172":0,"173":0,"174":0,"175":0,"176":1,"177":1,"178":0,"179":0,"180":0,"181":0,"182":0,"183":0,"184":0,"185":0,"186":0,"187":0,"188":0,"189":0,"190":0,"191":0,"192":0,"193":0,"194":0,"195":0,"196":0,"197":0,"198":0,"199":0,"200":0,"201":0,"202":0,"203":0,"204":0,"205":0,"206":2,"207":1,"208":1,"209":1,"210":1,"211":1,"212":1,"213":1,"214":1,"215":1,"216":1,"217":1,"218":1,"219":1,"220":2,"221":2,"222":2,"223":2,"224":2,"225":2,"226":0,"227":0,"228":0,"229":0,"230":0,"231":0,"232":0,"233":0,"234":0,"235":0,"236":0,"237":0,"238":0,"239":0,"240":0,"241":0,"242":0,"243":0,"244":1,"245":1,"246":1,"247":1,"248":1,"249":1,"250":1,"251":1,"252":1},"f":{"0":1,"1":2,"2":8760,"3":9,"4":2,"5":1,"6":1,"7":1,"8":0,"9":1,"10":0,"11":0,"12":0,"13":0,"14":0,"15":2,"16":1,"17":1,"18":1,"19":2,"20":0,"21":1},"b":{"0":[0,1],"1":[0,1],"2":[0,1],"3":[0,1],"4":[0,1],"5":[1,0],"6":[2,0],"7":[1,1],"8":[0,0],"9":[146,8614],"10":[0,146],"11":[0,0],"12":[0,0],"13":[0,0],"14":[7300,1460],"15":[5,4],"16":[4,1],"17":[4,0],"18":[4,1],"19":[1,1],"20":[0,1],"21":[1,0],"22":[0,1],"23":[0,0],"24":[0,0],"25":[0,1],"26":[0,1],"27":[1,1],"28":[0,0],"29":[0,0],"30":[0,0],"31":[0,0],"32":[0,0],"33":[0,0],"34":[0,0],"35":[0,0],"36":[0,0],"37":[0,0],"38":[0,0],"39":[0,0],"40":[0,0],"41":[0,0],"42":[0,0],"43":[0,0],"44":[0,0],"45":[1,1],"46":[1,0],"47":[0,0],"48":[0,0],"49":[0,0],"50":[1,0]},"_coverageSchema":"1a1c01bbd47fc00a2c39e90264f33305004495a9","hash":"86179c2a66849e776077a8e189731a2a2020b265"}
}
