{"C:\\Users\\Ryan\\Desktop\\CSE110-Repo\\cse110-w21-group8\\source\\scripts\\language.js": {"path":"C:\\Users\\Ryan\\Desktop\\CSE110-Repo\\cse110-w21-group8\\source\\scripts\\language.js","statementMap":{"0":{"start":{"line":1,"column":0},"end":{"line":8,"column":1}},"1":{"start":{"line":3,"column":4},"end":{"line":3,"column":43}},"2":{"start":{"line":7,"column":4},"end":{"line":7,"column":50}},"3":{"start":{"line":16,"column":4},"end":{"line":273,"column":5}},"4":{"start":{"line":17,"column":8},"end":{"line":17,"column":68}},"5":{"start":{"line":18,"column":8},"end":{"line":18,"column":88}},"6":{"start":{"line":19,"column":8},"end":{"line":19,"column":69}},"7":{"start":{"line":20,"column":8},"end":{"line":20,"column":79}},"8":{"start":{"line":21,"column":8},"end":{"line":21,"column":73}},"9":{"start":{"line":22,"column":8},"end":{"line":22,"column":78}},"10":{"start":{"line":24,"column":8},"end":{"line":24,"column":74}},"11":{"start":{"line":25,"column":8},"end":{"line":25,"column":85}},"12":{"start":{"line":26,"column":8},"end":{"line":26,"column":79}},"13":{"start":{"line":27,"column":8},"end":{"line":27,"column":73}},"14":{"start":{"line":28,"column":8},"end":{"line":28,"column":86}},"15":{"start":{"line":29,"column":8},"end":{"line":29,"column":84}},"16":{"start":{"line":30,"column":8},"end":{"line":30,"column":87}},"17":{"start":{"line":31,"column":8},"end":{"line":31,"column":70}},"18":{"start":{"line":32,"column":8},"end":{"line":32,"column":67}},"19":{"start":{"line":34,"column":8},"end":{"line":34,"column":82}},"20":{"start":{"line":35,"column":8},"end":{"line":35,"column":81}},"21":{"start":{"line":36,"column":8},"end":{"line":36,"column":93}},"22":{"start":{"line":38,"column":8},"end":{"line":38,"column":86}},"23":{"start":{"line":39,"column":8},"end":{"line":39,"column":82}},"24":{"start":{"line":40,"column":8},"end":{"line":40,"column":76}},"25":{"start":{"line":42,"column":8},"end":{"line":42,"column":85}},"26":{"start":{"line":43,"column":8},"end":{"line":43,"column":226}},"27":{"start":{"line":44,"column":8},"end":{"line":44,"column":105}},"28":{"start":{"line":45,"column":8},"end":{"line":45,"column":132}},"29":{"start":{"line":46,"column":8},"end":{"line":46,"column":104}},"30":{"start":{"line":47,"column":8},"end":{"line":47,"column":105}},"31":{"start":{"line":48,"column":8},"end":{"line":48,"column":115}},"32":{"start":{"line":49,"column":8},"end":{"line":49,"column":141}},"33":{"start":{"line":50,"column":8},"end":{"line":50,"column":102}},"34":{"start":{"line":51,"column":8},"end":{"line":51,"column":154}},"35":{"start":{"line":53,"column":8},"end":{"line":53,"column":85}},"36":{"start":{"line":54,"column":8},"end":{"line":54,"column":127}},"37":{"start":{"line":55,"column":8},"end":{"line":55,"column":170}},"38":{"start":{"line":56,"column":8},"end":{"line":56,"column":142}},"39":{"start":{"line":57,"column":8},"end":{"line":57,"column":111}},"40":{"start":{"line":58,"column":8},"end":{"line":58,"column":131}},"41":{"start":{"line":59,"column":8},"end":{"line":59,"column":143}},"42":{"start":{"line":60,"column":8},"end":{"line":60,"column":140}},"43":{"start":{"line":61,"column":8},"end":{"line":61,"column":164}},"44":{"start":{"line":62,"column":8},"end":{"line":62,"column":188}},"45":{"start":{"line":63,"column":8},"end":{"line":63,"column":167}},"46":{"start":{"line":64,"column":8},"end":{"line":64,"column":134}},"47":{"start":{"line":65,"column":8},"end":{"line":65,"column":162}},"48":{"start":{"line":66,"column":8},"end":{"line":66,"column":105}},"49":{"start":{"line":69,"column":8},"end":{"line":76,"column":9}},"50":{"start":{"line":70,"column":12},"end":{"line":70,"column":72}},"51":{"start":{"line":71,"column":15},"end":{"line":76,"column":9}},"52":{"start":{"line":72,"column":12},"end":{"line":72,"column":73}},"53":{"start":{"line":75,"column":12},"end":{"line":75,"column":66}},"54":{"start":{"line":78,"column":8},"end":{"line":83,"column":9}},"55":{"start":{"line":79,"column":12},"end":{"line":79,"column":73}},"56":{"start":{"line":82,"column":12},"end":{"line":82,"column":72}},"57":{"start":{"line":84,"column":8},"end":{"line":84,"column":82}},"58":{"start":{"line":85,"column":8},"end":{"line":85,"column":62}},"59":{"start":{"line":86,"column":8},"end":{"line":86,"column":92}},"60":{"start":{"line":87,"column":8},"end":{"line":87,"column":77}},"61":{"start":{"line":88,"column":8},"end":{"line":88,"column":70}},"62":{"start":{"line":89,"column":8},"end":{"line":89,"column":75}},"63":{"start":{"line":90,"column":8},"end":{"line":90,"column":94}},"64":{"start":{"line":91,"column":8},"end":{"line":91,"column":69}},"65":{"start":{"line":93,"column":8},"end":{"line":93,"column":73}},"66":{"start":{"line":94,"column":8},"end":{"line":94,"column":68}},"67":{"start":{"line":95,"column":8},"end":{"line":95,"column":68}},"68":{"start":{"line":97,"column":8},"end":{"line":97,"column":47}},"69":{"start":{"line":100,"column":9},"end":{"line":273,"column":5}},"70":{"start":{"line":101,"column":8},"end":{"line":101,"column":68}},"71":{"start":{"line":102,"column":8},"end":{"line":102,"column":68}},"72":{"start":{"line":103,"column":8},"end":{"line":103,"column":78}},"73":{"start":{"line":105,"column":8},"end":{"line":105,"column":95}},"74":{"start":{"line":106,"column":8},"end":{"line":106,"column":68}},"75":{"start":{"line":107,"column":8},"end":{"line":107,"column":79}},"76":{"start":{"line":108,"column":8},"end":{"line":108,"column":77}},"77":{"start":{"line":109,"column":8},"end":{"line":109,"column":72}},"78":{"start":{"line":112,"column":8},"end":{"line":112,"column":73}},"79":{"start":{"line":113,"column":8},"end":{"line":113,"column":101}},"80":{"start":{"line":114,"column":8},"end":{"line":114,"column":79}},"81":{"start":{"line":115,"column":8},"end":{"line":115,"column":76}},"82":{"start":{"line":116,"column":8},"end":{"line":116,"column":91}},"83":{"start":{"line":117,"column":8},"end":{"line":117,"column":88}},"84":{"start":{"line":119,"column":8},"end":{"line":119,"column":98}},"85":{"start":{"line":120,"column":8},"end":{"line":120,"column":71}},"86":{"start":{"line":121,"column":8},"end":{"line":121,"column":69}},"87":{"start":{"line":124,"column":8},"end":{"line":124,"column":88}},"88":{"start":{"line":125,"column":8},"end":{"line":125,"column":89}},"89":{"start":{"line":126,"column":8},"end":{"line":126,"column":95}},"90":{"start":{"line":127,"column":8},"end":{"line":127,"column":89}},"91":{"start":{"line":128,"column":8},"end":{"line":128,"column":81}},"92":{"start":{"line":129,"column":8},"end":{"line":129,"column":78}},"93":{"start":{"line":131,"column":8},"end":{"line":131,"column":82}},"94":{"start":{"line":132,"column":8},"end":{"line":132,"column":242}},"95":{"start":{"line":133,"column":8},"end":{"line":133,"column":109}},"96":{"start":{"line":134,"column":8},"end":{"line":134,"column":134}},"97":{"start":{"line":135,"column":8},"end":{"line":135,"column":109}},"98":{"start":{"line":136,"column":8},"end":{"line":136,"column":110}},"99":{"start":{"line":137,"column":8},"end":{"line":137,"column":119}},"100":{"start":{"line":138,"column":8},"end":{"line":138,"column":156}},"101":{"start":{"line":139,"column":8},"end":{"line":139,"column":106}},"102":{"start":{"line":140,"column":8},"end":{"line":140,"column":147}},"103":{"start":{"line":142,"column":8},"end":{"line":142,"column":84}},"104":{"start":{"line":143,"column":8},"end":{"line":143,"column":141}},"105":{"start":{"line":144,"column":8},"end":{"line":144,"column":176}},"106":{"start":{"line":145,"column":8},"end":{"line":145,"column":152}},"107":{"start":{"line":146,"column":8},"end":{"line":146,"column":118}},"108":{"start":{"line":147,"column":8},"end":{"line":147,"column":149}},"109":{"start":{"line":148,"column":8},"end":{"line":148,"column":174}},"110":{"start":{"line":149,"column":8},"end":{"line":149,"column":141}},"111":{"start":{"line":150,"column":8},"end":{"line":150,"column":176}},"112":{"start":{"line":151,"column":8},"end":{"line":151,"column":204}},"113":{"start":{"line":152,"column":8},"end":{"line":152,"column":176}},"114":{"start":{"line":153,"column":8},"end":{"line":153,"column":147}},"115":{"start":{"line":154,"column":8},"end":{"line":154,"column":176}},"116":{"start":{"line":155,"column":8},"end":{"line":155,"column":105}},"117":{"start":{"line":157,"column":8},"end":{"line":164,"column":9}},"118":{"start":{"line":158,"column":12},"end":{"line":158,"column":76}},"119":{"start":{"line":159,"column":15},"end":{"line":164,"column":9}},"120":{"start":{"line":160,"column":12},"end":{"line":160,"column":78}},"121":{"start":{"line":163,"column":12},"end":{"line":163,"column":69}},"122":{"start":{"line":166,"column":8},"end":{"line":171,"column":9}},"123":{"start":{"line":167,"column":12},"end":{"line":167,"column":75}},"124":{"start":{"line":170,"column":12},"end":{"line":170,"column":76}},"125":{"start":{"line":172,"column":8},"end":{"line":172,"column":82}},"126":{"start":{"line":173,"column":8},"end":{"line":173,"column":63}},"127":{"start":{"line":174,"column":8},"end":{"line":174,"column":101}},"128":{"start":{"line":175,"column":8},"end":{"line":175,"column":78}},"129":{"start":{"line":176,"column":8},"end":{"line":176,"column":77}},"130":{"start":{"line":177,"column":8},"end":{"line":177,"column":84}},"131":{"start":{"line":178,"column":8},"end":{"line":178,"column":95}},"132":{"start":{"line":179,"column":8},"end":{"line":179,"column":68}},"133":{"start":{"line":181,"column":8},"end":{"line":181,"column":73}},"134":{"start":{"line":182,"column":8},"end":{"line":182,"column":68}},"135":{"start":{"line":183,"column":8},"end":{"line":183,"column":68}},"136":{"start":{"line":185,"column":8},"end":{"line":185,"column":47}},"137":{"start":{"line":189,"column":8},"end":{"line":189,"column":65}},"138":{"start":{"line":191,"column":8},"end":{"line":191,"column":75}},"139":{"start":{"line":192,"column":8},"end":{"line":192,"column":64}},"140":{"start":{"line":193,"column":8},"end":{"line":193,"column":70}},"141":{"start":{"line":194,"column":8},"end":{"line":194,"column":67}},"142":{"start":{"line":195,"column":8},"end":{"line":195,"column":65}},"143":{"start":{"line":197,"column":8},"end":{"line":197,"column":69}},"144":{"start":{"line":198,"column":8},"end":{"line":198,"column":76}},"145":{"start":{"line":199,"column":8},"end":{"line":199,"column":72}},"146":{"start":{"line":200,"column":8},"end":{"line":200,"column":71}},"147":{"start":{"line":201,"column":8},"end":{"line":201,"column":79}},"148":{"start":{"line":202,"column":8},"end":{"line":202,"column":79}},"149":{"start":{"line":204,"column":8},"end":{"line":204,"column":76}},"150":{"start":{"line":205,"column":8},"end":{"line":205,"column":66}},"151":{"start":{"line":206,"column":8},"end":{"line":206,"column":64}},"152":{"start":{"line":208,"column":8},"end":{"line":208,"column":70}},"153":{"start":{"line":209,"column":8},"end":{"line":209,"column":71}},"154":{"start":{"line":210,"column":8},"end":{"line":210,"column":79}},"155":{"start":{"line":212,"column":8},"end":{"line":212,"column":75}},"156":{"start":{"line":213,"column":8},"end":{"line":213,"column":75}},"157":{"start":{"line":214,"column":8},"end":{"line":214,"column":72}},"158":{"start":{"line":216,"column":8},"end":{"line":216,"column":67}},"159":{"start":{"line":217,"column":8},"end":{"line":217,"column":122}},"160":{"start":{"line":218,"column":8},"end":{"line":218,"column":78}},"161":{"start":{"line":219,"column":8},"end":{"line":219,"column":84}},"162":{"start":{"line":220,"column":8},"end":{"line":220,"column":76}},"163":{"start":{"line":221,"column":8},"end":{"line":221,"column":79}},"164":{"start":{"line":222,"column":8},"end":{"line":222,"column":77}},"165":{"start":{"line":223,"column":8},"end":{"line":223,"column":82}},"166":{"start":{"line":224,"column":8},"end":{"line":224,"column":79}},"167":{"start":{"line":225,"column":8},"end":{"line":225,"column":87}},"168":{"start":{"line":227,"column":8},"end":{"line":227,"column":72}},"169":{"start":{"line":228,"column":8},"end":{"line":228,"column":87}},"170":{"start":{"line":229,"column":8},"end":{"line":229,"column":107}},"171":{"start":{"line":230,"column":8},"end":{"line":230,"column":88}},"172":{"start":{"line":231,"column":8},"end":{"line":231,"column":81}},"173":{"start":{"line":232,"column":8},"end":{"line":232,"column":90}},"174":{"start":{"line":233,"column":8},"end":{"line":233,"column":88}},"175":{"start":{"line":234,"column":8},"end":{"line":234,"column":87}},"176":{"start":{"line":235,"column":8},"end":{"line":235,"column":108}},"177":{"start":{"line":236,"column":8},"end":{"line":236,"column":105}},"178":{"start":{"line":237,"column":8},"end":{"line":237,"column":101}},"179":{"start":{"line":238,"column":8},"end":{"line":238,"column":88}},"180":{"start":{"line":239,"column":8},"end":{"line":239,"column":99}},"181":{"start":{"line":240,"column":8},"end":{"line":240,"column":78}},"182":{"start":{"line":242,"column":8},"end":{"line":249,"column":9}},"183":{"start":{"line":243,"column":12},"end":{"line":243,"column":67}},"184":{"start":{"line":244,"column":15},"end":{"line":249,"column":9}},"185":{"start":{"line":245,"column":12},"end":{"line":245,"column":66}},"186":{"start":{"line":248,"column":12},"end":{"line":248,"column":64}},"187":{"start":{"line":251,"column":8},"end":{"line":256,"column":9}},"188":{"start":{"line":252,"column":12},"end":{"line":252,"column":70}},"189":{"start":{"line":255,"column":12},"end":{"line":255,"column":70}},"190":{"start":{"line":257,"column":8},"end":{"line":257,"column":74}},"191":{"start":{"line":258,"column":8},"end":{"line":258,"column":60}},"192":{"start":{"line":259,"column":8},"end":{"line":259,"column":75}},"193":{"start":{"line":260,"column":8},"end":{"line":260,"column":70}},"194":{"start":{"line":261,"column":8},"end":{"line":261,"column":64}},"195":{"start":{"line":262,"column":8},"end":{"line":262,"column":70}},"196":{"start":{"line":263,"column":8},"end":{"line":263,"column":79}},"197":{"start":{"line":264,"column":8},"end":{"line":264,"column":65}},"198":{"start":{"line":266,"column":8},"end":{"line":266,"column":73}},"199":{"start":{"line":267,"column":8},"end":{"line":267,"column":68}},"200":{"start":{"line":268,"column":8},"end":{"line":268,"column":68}},"201":{"start":{"line":270,"column":8},"end":{"line":270,"column":47}},"202":{"start":{"line":275,"column":0},"end":{"line":277,"column":1}},"203":{"start":{"line":276,"column":2},"end":{"line":276,"column":35}}},"fnMap":{"0":{"name":"setLanguage","decl":{"start":{"line":14,"column":9},"end":{"line":14,"column":20}},"loc":{"start":{"line":14,"column":31},"end":{"line":274,"column":1}},"line":14}},"branchMap":{"0":{"loc":{"start":{"line":1,"column":0},"end":{"line":8,"column":1}},"type":"if","locations":[{"start":{"line":1,"column":0},"end":{"line":8,"column":1}},{"start":{"line":1,"column":0},"end":{"line":8,"column":1}}],"line":1},"1":{"loc":{"start":{"line":16,"column":4},"end":{"line":273,"column":5}},"type":"if","locations":[{"start":{"line":16,"column":4},"end":{"line":273,"column":5}},{"start":{"line":16,"column":4},"end":{"line":273,"column":5}}],"line":16},"2":{"loc":{"start":{"line":69,"column":8},"end":{"line":76,"column":9}},"type":"if","locations":[{"start":{"line":69,"column":8},"end":{"line":76,"column":9}},{"start":{"line":69,"column":8},"end":{"line":76,"column":9}}],"line":69},"3":{"loc":{"start":{"line":71,"column":15},"end":{"line":76,"column":9}},"type":"if","locations":[{"start":{"line":71,"column":15},"end":{"line":76,"column":9}},{"start":{"line":71,"column":15},"end":{"line":76,"column":9}}],"line":71},"4":{"loc":{"start":{"line":78,"column":8},"end":{"line":83,"column":9}},"type":"if","locations":[{"start":{"line":78,"column":8},"end":{"line":83,"column":9}},{"start":{"line":78,"column":8},"end":{"line":83,"column":9}}],"line":78},"5":{"loc":{"start":{"line":100,"column":9},"end":{"line":273,"column":5}},"type":"if","locations":[{"start":{"line":100,"column":9},"end":{"line":273,"column":5}},{"start":{"line":100,"column":9},"end":{"line":273,"column":5}}],"line":100},"6":{"loc":{"start":{"line":157,"column":8},"end":{"line":164,"column":9}},"type":"if","locations":[{"start":{"line":157,"column":8},"end":{"line":164,"column":9}},{"start":{"line":157,"column":8},"end":{"line":164,"column":9}}],"line":157},"7":{"loc":{"start":{"line":159,"column":15},"end":{"line":164,"column":9}},"type":"if","locations":[{"start":{"line":159,"column":15},"end":{"line":164,"column":9}},{"start":{"line":159,"column":15},"end":{"line":164,"column":9}}],"line":159},"8":{"loc":{"start":{"line":166,"column":8},"end":{"line":171,"column":9}},"type":"if","locations":[{"start":{"line":166,"column":8},"end":{"line":171,"column":9}},{"start":{"line":166,"column":8},"end":{"line":171,"column":9}}],"line":166},"9":{"loc":{"start":{"line":242,"column":8},"end":{"line":249,"column":9}},"type":"if","locations":[{"start":{"line":242,"column":8},"end":{"line":249,"column":9}},{"start":{"line":242,"column":8},"end":{"line":249,"column":9}}],"line":242},"10":{"loc":{"start":{"line":244,"column":15},"end":{"line":249,"column":9}},"type":"if","locations":[{"start":{"line":244,"column":15},"end":{"line":249,"column":9}},{"start":{"line":244,"column":15},"end":{"line":249,"column":9}}],"line":244},"11":{"loc":{"start":{"line":251,"column":8},"end":{"line":256,"column":9}},"type":"if","locations":[{"start":{"line":251,"column":8},"end":{"line":256,"column":9}},{"start":{"line":251,"column":8},"end":{"line":256,"column":9}}],"line":251},"12":{"loc":{"start":{"line":275,"column":0},"end":{"line":277,"column":1}},"type":"if","locations":[{"start":{"line":275,"column":0},"end":{"line":277,"column":1}},{"start":{"line":275,"column":0},"end":{"line":277,"column":1}}],"line":275}},"s":{"0":1,"1":1,"2":0,"3":3,"4":1,"5":1,"6":1,"7":1,"8":1,"9":1,"10":1,"11":1,"12":1,"13":1,"14":1,"15":1,"16":1,"17":1,"18":1,"19":1,"20":1,"21":1,"22":1,"23":1,"24":1,"25":1,"26":1,"27":1,"28":1,"29":1,"30":1,"31":1,"32":1,"33":1,"34":1,"35":1,"36":1,"37":1,"38":1,"39":1,"40":1,"41":1,"42":1,"43":1,"44":1,"45":1,"46":1,"47":1,"48":1,"49":1,"50":0,"51":1,"52":0,"53":1,"54":1,"55":1,"56":0,"57":1,"58":1,"59":1,"60":1,"61":1,"62":1,"63":1,"64":1,"65":1,"66":1,"67":1,"68":1,"69":2,"70":1,"71":1,"72":1,"73":1,"74":1,"75":1,"76":1,"77":1,"78":1,"79":1,"80":1,"81":1,"82":1,"83":1,"84":1,"85":1,"86":1,"87":1,"88":1,"89":1,"90":1,"91":1,"92":1,"93":1,"94":1,"95":1,"96":1,"97":1,"98":1,"99":1,"100":1,"101":1,"102":1,"103":1,"104":1,"105":1,"106":1,"107":1,"108":1,"109":1,"110":1,"111":1,"112":1,"113":1,"114":1,"115":1,"116":1,"117":1,"118":0,"119":1,"120":0,"121":1,"122":1,"123":0,"124":1,"125":1,"126":1,"127":1,"128":1,"129":1,"130":1,"131":1,"132":1,"133":1,"134":1,"135":1,"136":1,"137":1,"138":1,"139":1,"140":1,"141":1,"142":1,"143":1,"144":1,"145":1,"146":1,"147":1,"148":1,"149":1,"150":1,"151":1,"152":1,"153":1,"154":1,"155":1,"156":1,"157":1,"158":1,"159":1,"160":1,"161":1,"162":1,"163":1,"164":1,"165":1,"166":1,"167":1,"168":1,"169":1,"170":1,"171":1,"172":1,"173":1,"174":1,"175":1,"176":1,"177":1,"178":1,"179":1,"180":1,"181":1,"182":1,"183":0,"184":1,"185":0,"186":1,"187":1,"188":0,"189":1,"190":1,"191":1,"192":1,"193":1,"194":1,"195":1,"196":1,"197":1,"198":1,"199":1,"200":1,"201":1,"202":1,"203":1},"f":{"0":3},"b":{"0":[1,0],"1":[1,2],"2":[0,1],"3":[0,1],"4":[1,0],"5":[1,1],"6":[0,1],"7":[0,1],"8":[0,1],"9":[0,1],"10":[0,1],"11":[0,1],"12":[1,0]},"_coverageSchema":"1a1c01bbd47fc00a2c39e90264f33305004495a9","hash":"acd5ad1b8e36ce6be247737ae6e3da56f13b2fa4"}
,"C:\\Users\\Ryan\\Desktop\\CSE110-Repo\\cse110-w21-group8\\source\\scripts\\menu.js": {"path":"C:\\Users\\Ryan\\Desktop\\CSE110-Repo\\cse110-w21-group8\\source\\scripts\\menu.js","statementMap":{"0":{"start":{"line":1,"column":20},"end":{"line":1,"column":60}},"1":{"start":{"line":2,"column":18},"end":{"line":2,"column":58}},"2":{"start":{"line":4,"column":0},"end":{"line":6,"column":1}},"3":{"start":{"line":5,"column":2},"end":{"line":5,"column":54}},"4":{"start":{"line":13,"column":2},"end":{"line":13,"column":61}},"5":{"start":{"line":14,"column":2},"end":{"line":14,"column":73}},"6":{"start":{"line":17,"column":0},"end":{"line":19,"column":3}},"7":{"start":{"line":18,"column":2},"end":{"line":18,"column":51}},"8":{"start":{"line":25,"column":2},"end":{"line":25,"column":63}},"9":{"start":{"line":26,"column":2},"end":{"line":26,"column":61}},"10":{"start":{"line":33,"column":2},"end":{"line":33,"column":62}},"11":{"start":{"line":34,"column":2},"end":{"line":34,"column":60}},"12":{"start":{"line":41,"column":2},"end":{"line":41,"column":59}},"13":{"start":{"line":42,"column":2},"end":{"line":42,"column":61}},"14":{"start":{"line":49,"column":2},"end":{"line":49,"column":58}},"15":{"start":{"line":50,"column":2},"end":{"line":50,"column":60}},"16":{"start":{"line":53,"column":0},"end":{"line":61,"column":1}},"17":{"start":{"line":54,"column":2},"end":{"line":60,"column":4}}},"fnMap":{"0":{"name":"toggleMenu","decl":{"start":{"line":12,"column":9},"end":{"line":12,"column":19}},"loc":{"start":{"line":12,"column":22},"end":{"line":15,"column":1}},"line":12},"1":{"name":"(anonymous_1)","decl":{"start":{"line":17,"column":20},"end":{"line":17,"column":21}},"loc":{"start":{"line":17,"column":36},"end":{"line":19,"column":1}},"line":17},"2":{"name":"displayAbout","decl":{"start":{"line":24,"column":9},"end":{"line":24,"column":21}},"loc":{"start":{"line":24,"column":24},"end":{"line":27,"column":1}},"line":24},"3":{"name":"aboutClose","decl":{"start":{"line":32,"column":9},"end":{"line":32,"column":19}},"loc":{"start":{"line":32,"column":22},"end":{"line":35,"column":1}},"line":32},"4":{"name":"displayHowTo","decl":{"start":{"line":40,"column":9},"end":{"line":40,"column":21}},"loc":{"start":{"line":40,"column":24},"end":{"line":43,"column":1}},"line":40},"5":{"name":"howToClose","decl":{"start":{"line":48,"column":9},"end":{"line":48,"column":19}},"loc":{"start":{"line":48,"column":22},"end":{"line":51,"column":1}},"line":48}},"branchMap":{"0":{"loc":{"start":{"line":4,"column":0},"end":{"line":6,"column":1}},"type":"if","locations":[{"start":{"line":4,"column":0},"end":{"line":6,"column":1}},{"start":{"line":4,"column":0},"end":{"line":6,"column":1}}],"line":4},"1":{"loc":{"start":{"line":53,"column":0},"end":{"line":61,"column":1}},"type":"if","locations":[{"start":{"line":53,"column":0},"end":{"line":61,"column":1}},{"start":{"line":53,"column":0},"end":{"line":61,"column":1}}],"line":53}},"s":{"0":1,"1":1,"2":1,"3":0,"4":2,"5":2,"6":1,"7":0,"8":1,"9":1,"10":1,"11":1,"12":1,"13":1,"14":1,"15":1,"16":1,"17":1},"f":{"0":2,"1":0,"2":1,"3":1,"4":1,"5":1},"b":{"0":[0,1],"1":[1,0]},"_coverageSchema":"1a1c01bbd47fc00a2c39e90264f33305004495a9","hash":"5a9c7b0ab2e8ee804c5705b6c93a0522c95b12cb"}
,"C:\\Users\\Ryan\\Desktop\\CSE110-Repo\\cse110-w21-group8\\source\\scripts\\taskAdd.js": {"path":"C:\\Users\\Ryan\\Desktop\\CSE110-Repo\\cse110-w21-group8\\source\\scripts\\taskAdd.js","statementMap":{"0":{"start":{"line":3,"column":20},"end":{"line":3,"column":21}},"1":{"start":{"line":11,"column":2},"end":{"line":15,"column":3}},"2":{"start":{"line":12,"column":4},"end":{"line":12,"column":65}},"3":{"start":{"line":14,"column":4},"end":{"line":14,"column":64}},"4":{"start":{"line":18,"column":25},"end":{"line":22,"column":1}},"5":{"start":{"line":28,"column":20},"end":{"line":28,"column":64}},"6":{"start":{"line":29,"column":10},"end":{"line":29,"column":11}},"7":{"start":{"line":31,"column":2},"end":{"line":34,"column":3}},"8":{"start":{"line":32,"column":4},"end":{"line":32,"column":47}},"9":{"start":{"line":33,"column":4},"end":{"line":33,"column":11}},"10":{"start":{"line":36,"column":2},"end":{"line":45,"column":3}},"11":{"start":{"line":37,"column":4},"end":{"line":43,"column":5}},"12":{"start":{"line":41,"column":6},"end":{"line":41,"column":42}},"13":{"start":{"line":42,"column":6},"end":{"line":42,"column":13}},"14":{"start":{"line":44,"column":4},"end":{"line":44,"column":8}},"15":{"start":{"line":47,"column":2},"end":{"line":50,"column":3}},"16":{"start":{"line":48,"column":4},"end":{"line":48,"column":64}},"17":{"start":{"line":49,"column":4},"end":{"line":49,"column":11}},"18":{"start":{"line":51,"column":2},"end":{"line":51,"column":18}},"19":{"start":{"line":52,"column":13},"end":{"line":56,"column":28}},"20":{"start":{"line":57,"column":2},"end":{"line":57,"column":76}},"21":{"start":{"line":66,"column":20},"end":{"line":66,"column":64}},"22":{"start":{"line":67,"column":16},"end":{"line":67,"column":48}},"23":{"start":{"line":68,"column":10},"end":{"line":68,"column":11}},"24":{"start":{"line":69,"column":2},"end":{"line":74,"column":3}},"25":{"start":{"line":73,"column":4},"end":{"line":73,"column":8}},"26":{"start":{"line":75,"column":2},"end":{"line":75,"column":66}},"27":{"start":{"line":78,"column":20},"end":{"line":82,"column":1}},"28":{"start":{"line":91,"column":20},"end":{"line":91,"column":64}},"29":{"start":{"line":92,"column":16},"end":{"line":92,"column":48}},"30":{"start":{"line":95,"column":10},"end":{"line":95,"column":11}},"31":{"start":{"line":97,"column":2},"end":{"line":102,"column":3}},"32":{"start":{"line":101,"column":4},"end":{"line":101,"column":8}},"33":{"start":{"line":104,"column":2},"end":{"line":124,"column":3}},"34":{"start":{"line":105,"column":4},"end":{"line":105,"column":59}},"35":{"start":{"line":106,"column":4},"end":{"line":106,"column":11}},"36":{"start":{"line":108,"column":4},"end":{"line":108,"column":32}},"37":{"start":{"line":109,"column":4},"end":{"line":109,"column":35}},"38":{"start":{"line":110,"column":4},"end":{"line":112,"column":16}},"39":{"start":{"line":113,"column":4},"end":{"line":115,"column":16}},"40":{"start":{"line":116,"column":4},"end":{"line":116,"column":66}},"41":{"start":{"line":117,"column":4},"end":{"line":117,"column":67}},"42":{"start":{"line":118,"column":4},"end":{"line":118,"column":54}},"43":{"start":{"line":119,"column":4},"end":{"line":119,"column":58}},"44":{"start":{"line":120,"column":4},"end":{"line":120,"column":74}},"45":{"start":{"line":121,"column":4},"end":{"line":123,"column":26}},"46":{"start":{"line":127,"column":23},"end":{"line":131,"column":1}},"47":{"start":{"line":140,"column":20},"end":{"line":140,"column":64}},"48":{"start":{"line":141,"column":16},"end":{"line":141,"column":48}},"49":{"start":{"line":144,"column":10},"end":{"line":144,"column":11}},"50":{"start":{"line":146,"column":2},"end":{"line":151,"column":3}},"51":{"start":{"line":150,"column":4},"end":{"line":150,"column":8}},"52":{"start":{"line":153,"column":2},"end":{"line":173,"column":3}},"53":{"start":{"line":154,"column":4},"end":{"line":154,"column":62}},"54":{"start":{"line":155,"column":4},"end":{"line":155,"column":11}},"55":{"start":{"line":157,"column":4},"end":{"line":157,"column":32}},"56":{"start":{"line":158,"column":4},"end":{"line":158,"column":35}},"57":{"start":{"line":159,"column":4},"end":{"line":161,"column":16}},"58":{"start":{"line":162,"column":4},"end":{"line":164,"column":16}},"59":{"start":{"line":165,"column":4},"end":{"line":165,"column":66}},"60":{"start":{"line":166,"column":4},"end":{"line":166,"column":67}},"61":{"start":{"line":167,"column":4},"end":{"line":167,"column":54}},"62":{"start":{"line":168,"column":4},"end":{"line":168,"column":58}},"63":{"start":{"line":169,"column":4},"end":{"line":169,"column":74}},"64":{"start":{"line":170,"column":4},"end":{"line":172,"column":26}},"65":{"start":{"line":176,"column":0},"end":{"line":184,"column":1}},"66":{"start":{"line":177,"column":2},"end":{"line":183,"column":4}}},"fnMap":{"0":{"name":"displayInput","decl":{"start":{"line":10,"column":9},"end":{"line":10,"column":21}},"loc":{"start":{"line":10,"column":24},"end":{"line":16,"column":1}},"line":10},"1":{"name":"createTask","decl":{"start":{"line":27,"column":9},"end":{"line":27,"column":19}},"loc":{"start":{"line":27,"column":22},"end":{"line":58,"column":1}},"line":27},"2":{"name":"deleteTask","decl":{"start":{"line":65,"column":9},"end":{"line":65,"column":19}},"loc":{"start":{"line":65,"column":27},"end":{"line":76,"column":1}},"line":65},"3":{"name":"upTask","decl":{"start":{"line":90,"column":9},"end":{"line":90,"column":15}},"loc":{"start":{"line":90,"column":23},"end":{"line":125,"column":1}},"line":90},"4":{"name":"downTask","decl":{"start":{"line":139,"column":9},"end":{"line":139,"column":17}},"loc":{"start":{"line":139,"column":25},"end":{"line":174,"column":1}},"line":139}},"branchMap":{"0":{"loc":{"start":{"line":11,"column":2},"end":{"line":15,"column":3}},"type":"if","locations":[{"start":{"line":11,"column":2},"end":{"line":15,"column":3}},{"start":{"line":11,"column":2},"end":{"line":15,"column":3}}],"line":11},"1":{"loc":{"start":{"line":31,"column":2},"end":{"line":34,"column":3}},"type":"if","locations":[{"start":{"line":31,"column":2},"end":{"line":34,"column":3}},{"start":{"line":31,"column":2},"end":{"line":34,"column":3}}],"line":31},"2":{"loc":{"start":{"line":37,"column":4},"end":{"line":43,"column":5}},"type":"if","locations":[{"start":{"line":37,"column":4},"end":{"line":43,"column":5}},{"start":{"line":37,"column":4},"end":{"line":43,"column":5}}],"line":37},"3":{"loc":{"start":{"line":47,"column":2},"end":{"line":50,"column":3}},"type":"if","locations":[{"start":{"line":47,"column":2},"end":{"line":50,"column":3}},{"start":{"line":47,"column":2},"end":{"line":50,"column":3}}],"line":47},"4":{"loc":{"start":{"line":104,"column":2},"end":{"line":124,"column":3}},"type":"if","locations":[{"start":{"line":104,"column":2},"end":{"line":124,"column":3}},{"start":{"line":104,"column":2},"end":{"line":124,"column":3}}],"line":104},"5":{"loc":{"start":{"line":153,"column":2},"end":{"line":173,"column":3}},"type":"if","locations":[{"start":{"line":153,"column":2},"end":{"line":173,"column":3}},{"start":{"line":153,"column":2},"end":{"line":173,"column":3}}],"line":153},"6":{"loc":{"start":{"line":176,"column":0},"end":{"line":184,"column":1}},"type":"if","locations":[{"start":{"line":176,"column":0},"end":{"line":184,"column":1}},{"start":{"line":176,"column":0},"end":{"line":184,"column":1}}],"line":176}},"s":{"0":1,"1":2,"2":1,"3":1,"4":1,"5":1,"6":1,"7":1,"8":1,"9":1,"10":0,"11":0,"12":0,"13":0,"14":0,"15":0,"16":0,"17":0,"18":0,"19":0,"20":0,"21":0,"22":0,"23":0,"24":0,"25":0,"26":0,"27":1,"28":0,"29":0,"30":0,"31":0,"32":0,"33":0,"34":0,"35":0,"36":0,"37":0,"38":0,"39":0,"40":0,"41":0,"42":0,"43":0,"44":0,"45":0,"46":1,"47":0,"48":0,"49":0,"50":0,"51":0,"52":0,"53":0,"54":0,"55":0,"56":0,"57":0,"58":0,"59":0,"60":0,"61":0,"62":0,"63":0,"64":0,"65":1,"66":1},"f":{"0":2,"1":1,"2":0,"3":0,"4":0},"b":{"0":[1,1],"1":[1,0],"2":[0,0],"3":[0,0],"4":[0,0],"5":[0,0],"6":[1,0]},"_coverageSchema":"1a1c01bbd47fc00a2c39e90264f33305004495a9","hash":"a45ab37716c9d7a8fb8027bd42158e68e47788f2"}
,"C:\\Users\\Ryan\\Desktop\\CSE110-Repo\\cse110-w21-group8\\source\\scripts\\timer.js": {"path":"C:\\Users\\Ryan\\Desktop\\CSE110-Repo\\cse110-w21-group8\\source\\scripts\\timer.js","statementMap":{"0":{"start":{"line":5,"column":12},"end":{"line":5,"column":13}},"1":{"start":{"line":7,"column":17},"end":{"line":7,"column":18}},"2":{"start":{"line":8,"column":23},"end":{"line":8,"column":24}},"3":{"start":{"line":9,"column":16},"end":{"line":9,"column":17}},"4":{"start":{"line":10,"column":15},"end":{"line":10,"column":53}},"5":{"start":{"line":11,"column":16},"end":{"line":11,"column":18}},"6":{"start":{"line":12,"column":17},"end":{"line":12,"column":18}},"7":{"start":{"line":13,"column":16},"end":{"line":13,"column":18}},"8":{"start":{"line":14,"column":17},"end":{"line":14,"column":20}},"9":{"start":{"line":15,"column":18},"end":{"line":15,"column":19}},"10":{"start":{"line":16,"column":21},"end":{"line":16,"column":22}},"11":{"start":{"line":18,"column":0},"end":{"line":18,"column":32}},"12":{"start":{"line":24,"column":0},"end":{"line":46,"column":1}},"13":{"start":{"line":25,"column":4},"end":{"line":29,"column":5}},"14":{"start":{"line":26,"column":8},"end":{"line":26,"column":67}},"15":{"start":{"line":27,"column":8},"end":{"line":27,"column":66}},"16":{"start":{"line":28,"column":8},"end":{"line":28,"column":71}},"17":{"start":{"line":30,"column":4},"end":{"line":33,"column":5}},"18":{"start":{"line":31,"column":8},"end":{"line":31,"column":74}},"19":{"start":{"line":32,"column":8},"end":{"line":32,"column":73}},"20":{"start":{"line":34,"column":4},"end":{"line":37,"column":5}},"21":{"start":{"line":35,"column":8},"end":{"line":35,"column":72}},"22":{"start":{"line":36,"column":8},"end":{"line":36,"column":71}},"23":{"start":{"line":38,"column":4},"end":{"line":41,"column":5}},"24":{"start":{"line":39,"column":8},"end":{"line":39,"column":69}},"25":{"start":{"line":40,"column":8},"end":{"line":40,"column":68}},"26":{"start":{"line":42,"column":4},"end":{"line":44,"column":5}},"27":{"start":{"line":43,"column":8},"end":{"line":43,"column":66}},"28":{"start":{"line":45,"column":4},"end":{"line":45,"column":64}},"29":{"start":{"line":50,"column":22},"end":{"line":54,"column":1}},"30":{"start":{"line":56,"column":21},"end":{"line":61,"column":1}},"31":{"start":{"line":67,"column":4},"end":{"line":86,"column":3}},"32":{"start":{"line":68,"column":8},"end":{"line":71,"column":9}},"33":{"start":{"line":69,"column":12},"end":{"line":69,"column":69}},"34":{"start":{"line":70,"column":12},"end":{"line":70,"column":19}},"35":{"start":{"line":72,"column":8},"end":{"line":72,"column":26}},"36":{"start":{"line":74,"column":8},"end":{"line":74,"column":28}},"37":{"start":{"line":75,"column":8},"end":{"line":75,"column":20}},"38":{"start":{"line":76,"column":8},"end":{"line":76,"column":44}},"39":{"start":{"line":77,"column":8},"end":{"line":77,"column":53}},"40":{"start":{"line":78,"column":8},"end":{"line":78,"column":71}},"41":{"start":{"line":79,"column":8},"end":{"line":79,"column":110}},"42":{"start":{"line":81,"column":8},"end":{"line":83,"column":9}},"43":{"start":{"line":82,"column":12},"end":{"line":82,"column":26}},"44":{"start":{"line":84,"column":8},"end":{"line":84,"column":26}},"45":{"start":{"line":85,"column":8},"end":{"line":85,"column":15}},"46":{"start":{"line":89,"column":15},"end":{"line":93,"column":1}},"47":{"start":{"line":95,"column":21},"end":{"line":99,"column":1}},"48":{"start":{"line":101,"column":20},"end":{"line":105,"column":1}},"49":{"start":{"line":113,"column":2},"end":{"line":113,"column":12}},"50":{"start":{"line":114,"column":2},"end":{"line":139,"column":3}},"51":{"start":{"line":115,"column":4},"end":{"line":115,"column":14}},"52":{"start":{"line":116,"column":4},"end":{"line":138,"column":5}},"53":{"start":{"line":117,"column":6},"end":{"line":117,"column":30}},"54":{"start":{"line":118,"column":6},"end":{"line":118,"column":31}},"55":{"start":{"line":119,"column":6},"end":{"line":133,"column":7}},"56":{"start":{"line":123,"column":8},"end":{"line":123,"column":22}},"57":{"start":{"line":124,"column":8},"end":{"line":132,"column":9}},"58":{"start":{"line":128,"column":10},"end":{"line":128,"column":24}},"59":{"start":{"line":129,"column":10},"end":{"line":129,"column":28}},"60":{"start":{"line":130,"column":10},"end":{"line":130,"column":17}},"61":{"start":{"line":131,"column":10},"end":{"line":131,"column":17}},"62":{"start":{"line":134,"column":6},"end":{"line":134,"column":20}},"63":{"start":{"line":135,"column":6},"end":{"line":135,"column":21}},"64":{"start":{"line":137,"column":6},"end":{"line":137,"column":19}},"65":{"start":{"line":140,"column":2},"end":{"line":144,"column":3}},"66":{"start":{"line":141,"column":4},"end":{"line":141,"column":73}},"67":{"start":{"line":143,"column":4},"end":{"line":143,"column":74}},"68":{"start":{"line":152,"column":4},"end":{"line":152,"column":104}},"69":{"start":{"line":153,"column":4},"end":{"line":155,"column":5}},"70":{"start":{"line":154,"column":8},"end":{"line":154,"column":26}},"71":{"start":{"line":156,"column":4},"end":{"line":156,"column":99}},"72":{"start":{"line":157,"column":4},"end":{"line":157,"column":127}},"73":{"start":{"line":158,"column":4},"end":{"line":158,"column":66}},"74":{"start":{"line":159,"column":4},"end":{"line":159,"column":100}},"75":{"start":{"line":167,"column":4},"end":{"line":167,"column":16}},"76":{"start":{"line":168,"column":4},"end":{"line":168,"column":66}},"77":{"start":{"line":170,"column":4},"end":{"line":172,"column":5}},"78":{"start":{"line":171,"column":8},"end":{"line":171,"column":25}},"79":{"start":{"line":175,"column":24},"end":{"line":179,"column":1}},"80":{"start":{"line":181,"column":24},"end":{"line":185,"column":1}},"81":{"start":{"line":187,"column":20},"end":{"line":191,"column":1}},"82":{"start":{"line":197,"column":2},"end":{"line":244,"column":3}},"83":{"start":{"line":201,"column":4},"end":{"line":201,"column":53}},"84":{"start":{"line":203,"column":4},"end":{"line":203,"column":12}},"85":{"start":{"line":204,"column":4},"end":{"line":204,"column":17}},"86":{"start":{"line":205,"column":4},"end":{"line":205,"column":61}},"87":{"start":{"line":206,"column":4},"end":{"line":206,"column":18}},"88":{"start":{"line":208,"column":4},"end":{"line":208,"column":23}},"89":{"start":{"line":210,"column":4},"end":{"line":228,"column":5}},"90":{"start":{"line":211,"column":6},"end":{"line":212,"column":57}},"91":{"start":{"line":213,"column":6},"end":{"line":213,"column":27}},"92":{"start":{"line":214,"column":6},"end":{"line":214,"column":18}},"93":{"start":{"line":215,"column":6},"end":{"line":215,"column":42}},"94":{"start":{"line":216,"column":6},"end":{"line":216,"column":51}},"95":{"start":{"line":217,"column":6},"end":{"line":217,"column":70}},"96":{"start":{"line":220,"column":6},"end":{"line":220,"column":27}},"97":{"start":{"line":221,"column":6},"end":{"line":222,"column":56}},"98":{"start":{"line":223,"column":6},"end":{"line":223,"column":26}},"99":{"start":{"line":224,"column":6},"end":{"line":224,"column":18}},"100":{"start":{"line":225,"column":6},"end":{"line":225,"column":42}},"101":{"start":{"line":226,"column":6},"end":{"line":226,"column":51}},"102":{"start":{"line":227,"column":6},"end":{"line":227,"column":69}},"103":{"start":{"line":230,"column":9},"end":{"line":244,"column":3}},"104":{"start":{"line":236,"column":4},"end":{"line":237,"column":49}},"105":{"start":{"line":238,"column":4},"end":{"line":238,"column":54}},"106":{"start":{"line":239,"column":4},"end":{"line":239,"column":24}},"107":{"start":{"line":240,"column":4},"end":{"line":240,"column":16}},"108":{"start":{"line":241,"column":4},"end":{"line":241,"column":40}},"109":{"start":{"line":242,"column":4},"end":{"line":242,"column":49}},"110":{"start":{"line":243,"column":4},"end":{"line":243,"column":67}},"111":{"start":{"line":251,"column":4},"end":{"line":257,"column":5}},"112":{"start":{"line":252,"column":8},"end":{"line":252,"column":95}},"113":{"start":{"line":253,"column":11},"end":{"line":257,"column":5}},"114":{"start":{"line":254,"column":8},"end":{"line":254,"column":94}},"115":{"start":{"line":256,"column":8},"end":{"line":256,"column":85}},"116":{"start":{"line":260,"column":20},"end":{"line":264,"column":1}},"117":{"start":{"line":266,"column":22},"end":{"line":270,"column":1}},"118":{"start":{"line":272,"column":23},"end":{"line":276,"column":1}},"119":{"start":{"line":278,"column":20},"end":{"line":282,"column":1}},"120":{"start":{"line":284,"column":22},"end":{"line":288,"column":1}},"121":{"start":{"line":290,"column":23},"end":{"line":294,"column":1}},"122":{"start":{"line":296,"column":20},"end":{"line":300,"column":1}},"123":{"start":{"line":302,"column":22},"end":{"line":306,"column":1}},"124":{"start":{"line":308,"column":23},"end":{"line":312,"column":1}},"125":{"start":{"line":320,"column":4},"end":{"line":320,"column":54}},"126":{"start":{"line":321,"column":4},"end":{"line":360,"column":5}},"127":{"start":{"line":322,"column":8},"end":{"line":322,"column":65}},"128":{"start":{"line":323,"column":8},"end":{"line":326,"column":9}},"129":{"start":{"line":324,"column":12},"end":{"line":324,"column":20}},"130":{"start":{"line":325,"column":12},"end":{"line":325,"column":25}},"131":{"start":{"line":327,"column":8},"end":{"line":327,"column":65}},"132":{"start":{"line":328,"column":8},"end":{"line":328,"column":32}},"133":{"start":{"line":329,"column":8},"end":{"line":329,"column":33}},"134":{"start":{"line":330,"column":8},"end":{"line":330,"column":28}},"135":{"start":{"line":331,"column":8},"end":{"line":331,"column":20}},"136":{"start":{"line":332,"column":8},"end":{"line":332,"column":71}},"137":{"start":{"line":333,"column":8},"end":{"line":333,"column":111}},"138":{"start":{"line":334,"column":8},"end":{"line":334,"column":98}},"139":{"start":{"line":335,"column":8},"end":{"line":335,"column":62}},"140":{"start":{"line":336,"column":8},"end":{"line":336,"column":63}},"141":{"start":{"line":337,"column":8},"end":{"line":337,"column":22}},"142":{"start":{"line":338,"column":8},"end":{"line":338,"column":29}},"143":{"start":{"line":339,"column":8},"end":{"line":339,"column":23}},"144":{"start":{"line":340,"column":11},"end":{"line":360,"column":5}},"145":{"start":{"line":341,"column":8},"end":{"line":344,"column":9}},"146":{"start":{"line":342,"column":12},"end":{"line":342,"column":20}},"147":{"start":{"line":343,"column":12},"end":{"line":343,"column":25}},"148":{"start":{"line":345,"column":8},"end":{"line":345,"column":65}},"149":{"start":{"line":346,"column":8},"end":{"line":346,"column":32}},"150":{"start":{"line":347,"column":8},"end":{"line":347,"column":33}},"151":{"start":{"line":348,"column":8},"end":{"line":348,"column":28}},"152":{"start":{"line":349,"column":8},"end":{"line":349,"column":20}},"153":{"start":{"line":350,"column":8},"end":{"line":350,"column":71}},"154":{"start":{"line":351,"column":8},"end":{"line":351,"column":110}},"155":{"start":{"line":352,"column":8},"end":{"line":352,"column":98}},"156":{"start":{"line":353,"column":8},"end":{"line":353,"column":32}},"157":{"start":{"line":354,"column":8},"end":{"line":354,"column":63}},"158":{"start":{"line":355,"column":8},"end":{"line":355,"column":22}},"159":{"start":{"line":356,"column":8},"end":{"line":356,"column":29}},"160":{"start":{"line":357,"column":8},"end":{"line":357,"column":23}},"161":{"start":{"line":359,"column":8},"end":{"line":359,"column":66}},"162":{"start":{"line":363,"column":32},"end":{"line":367,"column":1}},"163":{"start":{"line":373,"column":2},"end":{"line":391,"column":3}},"164":{"start":{"line":374,"column":4},"end":{"line":374,"column":71}},"165":{"start":{"line":376,"column":4},"end":{"line":390,"column":5}},"166":{"start":{"line":378,"column":6},"end":{"line":378,"column":24}},"167":{"start":{"line":379,"column":11},"end":{"line":390,"column":5}},"168":{"start":{"line":381,"column":6},"end":{"line":387,"column":9}},"169":{"start":{"line":382,"column":8},"end":{"line":386,"column":9}},"170":{"start":{"line":383,"column":10},"end":{"line":383,"column":28}},"171":{"start":{"line":385,"column":10},"end":{"line":385,"column":29}},"172":{"start":{"line":389,"column":6},"end":{"line":389,"column":25}},"173":{"start":{"line":394,"column":29},"end":{"line":398,"column":1}},"174":{"start":{"line":400,"column":19},"end":{"line":404,"column":1}},"175":{"start":{"line":406,"column":21},"end":{"line":410,"column":1}},"176":{"start":{"line":412,"column":21},"end":{"line":416,"column":1}},"177":{"start":{"line":418,"column":20},"end":{"line":422,"column":1}},"178":{"start":{"line":424,"column":25},"end":{"line":428,"column":1}},"179":{"start":{"line":430,"column":24},"end":{"line":434,"column":1}},"180":{"start":{"line":436,"column":22},"end":{"line":440,"column":1}},"181":{"start":{"line":446,"column":2},"end":{"line":497,"column":3}},"182":{"start":{"line":451,"column":4},"end":{"line":456,"column":6}},"183":{"start":{"line":457,"column":9},"end":{"line":497,"column":3}},"184":{"start":{"line":462,"column":4},"end":{"line":476,"column":5}},"185":{"start":{"line":463,"column":6},"end":{"line":468,"column":8}},"186":{"start":{"line":470,"column":6},"end":{"line":475,"column":8}},"187":{"start":{"line":477,"column":9},"end":{"line":497,"column":3}},"188":{"start":{"line":481,"column":4},"end":{"line":486,"column":6}},"189":{"start":{"line":487,"column":9},"end":{"line":497,"column":3}},"190":{"start":{"line":491,"column":4},"end":{"line":496,"column":6}},"191":{"start":{"line":498,"column":2},"end":{"line":498,"column":45}},"192":{"start":{"line":505,"column":16},"end":{"line":505,"column":58}},"193":{"start":{"line":506,"column":4},"end":{"line":506,"column":70}},"194":{"start":{"line":507,"column":4},"end":{"line":507,"column":17}},"195":{"start":{"line":514,"column":2},"end":{"line":519,"column":3}},"196":{"start":{"line":515,"column":4},"end":{"line":518,"column":5}},"197":{"start":{"line":516,"column":6},"end":{"line":516,"column":26}},"198":{"start":{"line":517,"column":6},"end":{"line":517,"column":26}},"199":{"start":{"line":527,"column":4},"end":{"line":527,"column":64}},"200":{"start":{"line":528,"column":4},"end":{"line":528,"column":63}},"201":{"start":{"line":535,"column":4},"end":{"line":535,"column":63}},"202":{"start":{"line":536,"column":4},"end":{"line":536,"column":62}},"203":{"start":{"line":543,"column":4},"end":{"line":543,"column":69}},"204":{"start":{"line":544,"column":4},"end":{"line":544,"column":63}},"205":{"start":{"line":551,"column":2},"end":{"line":551,"column":66}},"206":{"start":{"line":552,"column":2},"end":{"line":552,"column":60}},"207":{"start":{"line":553,"column":2},"end":{"line":553,"column":60}},"208":{"start":{"line":554,"column":2},"end":{"line":554,"column":67}},"209":{"start":{"line":555,"column":2},"end":{"line":555,"column":65}},"210":{"start":{"line":556,"column":2},"end":{"line":556,"column":62}},"211":{"start":{"line":565,"column":4},"end":{"line":567,"column":5}},"212":{"start":{"line":566,"column":8},"end":{"line":566,"column":43}},"213":{"start":{"line":574,"column":4},"end":{"line":582,"column":5}},"214":{"start":{"line":575,"column":8},"end":{"line":575,"column":15}},"215":{"start":{"line":576,"column":11},"end":{"line":582,"column":5}},"216":{"start":{"line":577,"column":8},"end":{"line":577,"column":26}},"217":{"start":{"line":578,"column":8},"end":{"line":578,"column":32}},"218":{"start":{"line":579,"column":8},"end":{"line":579,"column":15}},"219":{"start":{"line":581,"column":8},"end":{"line":581,"column":29}},"220":{"start":{"line":586,"column":28},"end":{"line":590,"column":1}},"221":{"start":{"line":598,"column":4},"end":{"line":607,"column":5}},"222":{"start":{"line":599,"column":8},"end":{"line":599,"column":71}},"223":{"start":{"line":600,"column":8},"end":{"line":600,"column":15}},"224":{"start":{"line":601,"column":11},"end":{"line":607,"column":5}},"225":{"start":{"line":602,"column":8},"end":{"line":602,"column":71}},"226":{"start":{"line":603,"column":8},"end":{"line":603,"column":15}},"227":{"start":{"line":604,"column":11},"end":{"line":607,"column":5}},"228":{"start":{"line":605,"column":8},"end":{"line":605,"column":71}},"229":{"start":{"line":606,"column":8},"end":{"line":606,"column":15}},"230":{"start":{"line":609,"column":4},"end":{"line":609,"column":62}},"231":{"start":{"line":610,"column":4},"end":{"line":610,"column":69}},"232":{"start":{"line":611,"column":4},"end":{"line":611,"column":67}},"233":{"start":{"line":612,"column":4},"end":{"line":612,"column":64}},"234":{"start":{"line":613,"column":4},"end":{"line":613,"column":67}},"235":{"start":{"line":615,"column":4},"end":{"line":615,"column":57}},"236":{"start":{"line":616,"column":4},"end":{"line":616,"column":64}},"237":{"start":{"line":617,"column":4},"end":{"line":617,"column":62}},"238":{"start":{"line":618,"column":4},"end":{"line":618,"column":59}},"239":{"start":{"line":626,"column":4},"end":{"line":626,"column":72}},"240":{"start":{"line":627,"column":23},"end":{"line":627,"column":135}},"241":{"start":{"line":628,"column":4},"end":{"line":628,"column":92}},"242":{"start":{"line":629,"column":4},"end":{"line":629,"column":20}},"243":{"start":{"line":630,"column":4},"end":{"line":630,"column":121}},"244":{"start":{"line":631,"column":4},"end":{"line":631,"column":64}},"245":{"start":{"line":632,"column":4},"end":{"line":632,"column":56}},"246":{"start":{"line":640,"column":2},"end":{"line":640,"column":14}},"247":{"start":{"line":641,"column":2},"end":{"line":641,"column":64}},"248":{"start":{"line":644,"column":21},"end":{"line":648,"column":1}},"249":{"start":{"line":650,"column":23},"end":{"line":654,"column":1}},"250":{"start":{"line":656,"column":16},"end":{"line":660,"column":1}},"251":{"start":{"line":662,"column":18},"end":{"line":666,"column":1}},"252":{"start":{"line":672,"column":4},"end":{"line":680,"column":5}},"253":{"start":{"line":673,"column":8},"end":{"line":673,"column":59}},"254":{"start":{"line":674,"column":8},"end":{"line":674,"column":119}},"255":{"start":{"line":675,"column":8},"end":{"line":675,"column":27}},"256":{"start":{"line":676,"column":11},"end":{"line":680,"column":5}},"257":{"start":{"line":677,"column":8},"end":{"line":677,"column":61}},"258":{"start":{"line":678,"column":8},"end":{"line":678,"column":117}},"259":{"start":{"line":679,"column":8},"end":{"line":679,"column":26}},"260":{"start":{"line":683,"column":0},"end":{"line":699,"column":1}},"261":{"start":{"line":684,"column":4},"end":{"line":698,"column":6}}},"fnMap":{"0":{"name":"(anonymous_0)","decl":{"start":{"line":24,"column":16},"end":{"line":24,"column":17}},"loc":{"start":{"line":24,"column":28},"end":{"line":46,"column":1}},"line":24},"1":{"name":"timeStart","decl":{"start":{"line":66,"column":9},"end":{"line":66,"column":18}},"loc":{"start":{"line":66,"column":21},"end":{"line":87,"column":1}},"line":66},"2":{"name":"count","decl":{"start":{"line":112,"column":9},"end":{"line":112,"column":14}},"loc":{"start":{"line":112,"column":17},"end":{"line":145,"column":1}},"line":112},"3":{"name":"moveTask","decl":{"start":{"line":151,"column":9},"end":{"line":151,"column":17}},"loc":{"start":{"line":151,"column":25},"end":{"line":160,"column":1}},"line":151},"4":{"name":"taskTracker","decl":{"start":{"line":166,"column":9},"end":{"line":166,"column":20}},"loc":{"start":{"line":166,"column":23},"end":{"line":173,"column":1}},"line":166},"5":{"name":"switchTimes","decl":{"start":{"line":196,"column":9},"end":{"line":196,"column":20}},"loc":{"start":{"line":196,"column":23},"end":{"line":245,"column":1}},"line":196},"6":{"name":"switchThemes","decl":{"start":{"line":250,"column":9},"end":{"line":250,"column":21}},"loc":{"start":{"line":250,"column":24},"end":{"line":258,"column":2}},"line":250},"7":{"name":"stop","decl":{"start":{"line":319,"column":9},"end":{"line":319,"column":13}},"loc":{"start":{"line":319,"column":16},"end":{"line":361,"column":2}},"line":319},"8":{"name":"notificationPermission","decl":{"start":{"line":372,"column":9},"end":{"line":372,"column":31}},"loc":{"start":{"line":372,"column":34},"end":{"line":392,"column":1}},"line":372},"9":{"name":"(anonymous_9)","decl":{"start":{"line":381,"column":44},"end":{"line":381,"column":45}},"loc":{"start":{"line":381,"column":57},"end":{"line":387,"column":7}},"line":381},"10":{"name":"popupNotification","decl":{"start":{"line":445,"column":9},"end":{"line":445,"column":26}},"loc":{"start":{"line":445,"column":29},"end":{"line":499,"column":1}},"line":445},"11":{"name":"soundNotification","decl":{"start":{"line":504,"column":9},"end":{"line":504,"column":26}},"loc":{"start":{"line":504,"column":29},"end":{"line":508,"column":1}},"line":504},"12":{"name":"notifications","decl":{"start":{"line":513,"column":9},"end":{"line":513,"column":22}},"loc":{"start":{"line":513,"column":25},"end":{"line":520,"column":1}},"line":513},"13":{"name":"displayActivity","decl":{"start":{"line":526,"column":9},"end":{"line":526,"column":24}},"loc":{"start":{"line":526,"column":27},"end":{"line":529,"column":1}},"line":526},"14":{"name":"activityClose","decl":{"start":{"line":534,"column":9},"end":{"line":534,"column":22}},"loc":{"start":{"line":534,"column":25},"end":{"line":537,"column":1}},"line":534},"15":{"name":"displaySettings","decl":{"start":{"line":542,"column":9},"end":{"line":542,"column":24}},"loc":{"start":{"line":542,"column":27},"end":{"line":545,"column":1}},"line":542},"16":{"name":"settingsClose","decl":{"start":{"line":550,"column":9},"end":{"line":550,"column":22}},"loc":{"start":{"line":550,"column":25},"end":{"line":557,"column":1}},"line":550},"17":{"name":"taskComplete","decl":{"start":{"line":564,"column":9},"end":{"line":564,"column":21}},"loc":{"start":{"line":564,"column":24},"end":{"line":583,"column":1}},"line":564},"18":{"name":"save","decl":{"start":{"line":597,"column":9},"end":{"line":597,"column":13}},"loc":{"start":{"line":597,"column":16},"end":{"line":619,"column":1}},"line":597},"19":{"name":"addTaskActivity","decl":{"start":{"line":625,"column":9},"end":{"line":625,"column":24}},"loc":{"start":{"line":625,"column":27},"end":{"line":633,"column":1}},"line":625},"20":{"name":"increasePomos","decl":{"start":{"line":639,"column":9},"end":{"line":639,"column":22}},"loc":{"start":{"line":639,"column":25},"end":{"line":642,"column":1}},"line":639},"21":{"name":"mute","decl":{"start":{"line":671,"column":9},"end":{"line":671,"column":13}},"loc":{"start":{"line":671,"column":16},"end":{"line":681,"column":1}},"line":671}},"branchMap":{"0":{"loc":{"start":{"line":25,"column":4},"end":{"line":29,"column":5}},"type":"if","locations":[{"start":{"line":25,"column":4},"end":{"line":29,"column":5}},{"start":{"line":25,"column":4},"end":{"line":29,"column":5}}],"line":25},"1":{"loc":{"start":{"line":30,"column":4},"end":{"line":33,"column":5}},"type":"if","locations":[{"start":{"line":30,"column":4},"end":{"line":33,"column":5}},{"start":{"line":30,"column":4},"end":{"line":33,"column":5}}],"line":30},"2":{"loc":{"start":{"line":34,"column":4},"end":{"line":37,"column":5}},"type":"if","locations":[{"start":{"line":34,"column":4},"end":{"line":37,"column":5}},{"start":{"line":34,"column":4},"end":{"line":37,"column":5}}],"line":34},"3":{"loc":{"start":{"line":38,"column":4},"end":{"line":41,"column":5}},"type":"if","locations":[{"start":{"line":38,"column":4},"end":{"line":41,"column":5}},{"start":{"line":38,"column":4},"end":{"line":41,"column":5}}],"line":38},"4":{"loc":{"start":{"line":42,"column":4},"end":{"line":44,"column":5}},"type":"if","locations":[{"start":{"line":42,"column":4},"end":{"line":44,"column":5}},{"start":{"line":42,"column":4},"end":{"line":44,"column":5}}],"line":42},"5":{"loc":{"start":{"line":42,"column":8},"end":{"line":42,"column":97}},"type":"binary-expr","locations":[{"start":{"line":42,"column":8},"end":{"line":42,"column":50}},{"start":{"line":42,"column":55},"end":{"line":42,"column":97}}],"line":42},"6":{"loc":{"start":{"line":67,"column":4},"end":{"line":86,"column":3}},"type":"if","locations":[{"start":{"line":67,"column":4},"end":{"line":86,"column":3}},{"start":{"line":67,"column":4},"end":{"line":86,"column":3}}],"line":67},"7":{"loc":{"start":{"line":68,"column":8},"end":{"line":71,"column":9}},"type":"if","locations":[{"start":{"line":68,"column":8},"end":{"line":71,"column":9}},{"start":{"line":68,"column":8},"end":{"line":71,"column":9}}],"line":68},"8":{"loc":{"start":{"line":81,"column":8},"end":{"line":83,"column":9}},"type":"if","locations":[{"start":{"line":81,"column":8},"end":{"line":83,"column":9}},{"start":{"line":81,"column":8},"end":{"line":83,"column":9}}],"line":81},"9":{"loc":{"start":{"line":114,"column":2},"end":{"line":139,"column":3}},"type":"if","locations":[{"start":{"line":114,"column":2},"end":{"line":139,"column":3}},{"start":{"line":114,"column":2},"end":{"line":139,"column":3}}],"line":114},"10":{"loc":{"start":{"line":116,"column":4},"end":{"line":138,"column":5}},"type":"if","locations":[{"start":{"line":116,"column":4},"end":{"line":138,"column":5}},{"start":{"line":116,"column":4},"end":{"line":138,"column":5}}],"line":116},"11":{"loc":{"start":{"line":119,"column":6},"end":{"line":133,"column":7}},"type":"if","locations":[{"start":{"line":119,"column":6},"end":{"line":133,"column":7}},{"start":{"line":119,"column":6},"end":{"line":133,"column":7}}],"line":119},"12":{"loc":{"start":{"line":124,"column":8},"end":{"line":132,"column":9}},"type":"if","locations":[{"start":{"line":124,"column":8},"end":{"line":132,"column":9}},{"start":{"line":124,"column":8},"end":{"line":132,"column":9}}],"line":124},"13":{"loc":{"start":{"line":125,"column":10},"end":{"line":126,"column":24}},"type":"binary-expr","locations":[{"start":{"line":125,"column":10},"end":{"line":125,"column":64}},{"start":{"line":126,"column":10},"end":{"line":126,"column":24}}],"line":125},"14":{"loc":{"start":{"line":140,"column":2},"end":{"line":144,"column":3}},"type":"if","locations":[{"start":{"line":140,"column":2},"end":{"line":144,"column":3}},{"start":{"line":140,"column":2},"end":{"line":144,"column":3}}],"line":140},"15":{"loc":{"start":{"line":153,"column":4},"end":{"line":155,"column":5}},"type":"if","locations":[{"start":{"line":153,"column":4},"end":{"line":155,"column":5}},{"start":{"line":153,"column":4},"end":{"line":155,"column":5}}],"line":153},"16":{"loc":{"start":{"line":170,"column":4},"end":{"line":172,"column":5}},"type":"if","locations":[{"start":{"line":170,"column":4},"end":{"line":172,"column":5}},{"start":{"line":170,"column":4},"end":{"line":172,"column":5}}],"line":170},"17":{"loc":{"start":{"line":170,"column":8},"end":{"line":170,"column":80}},"type":"binary-expr","locations":[{"start":{"line":170,"column":8},"end":{"line":170,"column":22}},{"start":{"line":170,"column":26},"end":{"line":170,"column":80}}],"line":170},"18":{"loc":{"start":{"line":197,"column":2},"end":{"line":244,"column":3}},"type":"if","locations":[{"start":{"line":197,"column":2},"end":{"line":244,"column":3}},{"start":{"line":197,"column":2},"end":{"line":244,"column":3}}],"line":197},"19":{"loc":{"start":{"line":210,"column":4},"end":{"line":228,"column":5}},"type":"if","locations":[{"start":{"line":210,"column":4},"end":{"line":228,"column":5}},{"start":{"line":210,"column":4},"end":{"line":228,"column":5}}],"line":210},"20":{"loc":{"start":{"line":230,"column":9},"end":{"line":244,"column":3}},"type":"if","locations":[{"start":{"line":230,"column":9},"end":{"line":244,"column":3}},{"start":{"line":230,"column":9},"end":{"line":244,"column":3}}],"line":230},"21":{"loc":{"start":{"line":231,"column":4},"end":{"line":234,"column":53}},"type":"binary-expr","locations":[{"start":{"line":231,"column":4},"end":{"line":232,"column":54}},{"start":{"line":233,"column":4},"end":{"line":234,"column":53}}],"line":231},"22":{"loc":{"start":{"line":251,"column":4},"end":{"line":257,"column":5}},"type":"if","locations":[{"start":{"line":251,"column":4},"end":{"line":257,"column":5}},{"start":{"line":251,"column":4},"end":{"line":257,"column":5}}],"line":251},"23":{"loc":{"start":{"line":253,"column":11},"end":{"line":257,"column":5}},"type":"if","locations":[{"start":{"line":253,"column":11},"end":{"line":257,"column":5}},{"start":{"line":253,"column":11},"end":{"line":257,"column":5}}],"line":253},"24":{"loc":{"start":{"line":321,"column":4},"end":{"line":360,"column":5}},"type":"if","locations":[{"start":{"line":321,"column":4},"end":{"line":360,"column":5}},{"start":{"line":321,"column":4},"end":{"line":360,"column":5}}],"line":321},"25":{"loc":{"start":{"line":323,"column":8},"end":{"line":326,"column":9}},"type":"if","locations":[{"start":{"line":323,"column":8},"end":{"line":326,"column":9}},{"start":{"line":323,"column":8},"end":{"line":326,"column":9}}],"line":323},"26":{"loc":{"start":{"line":340,"column":11},"end":{"line":360,"column":5}},"type":"if","locations":[{"start":{"line":340,"column":11},"end":{"line":360,"column":5}},{"start":{"line":340,"column":11},"end":{"line":360,"column":5}}],"line":340},"27":{"loc":{"start":{"line":341,"column":8},"end":{"line":344,"column":9}},"type":"if","locations":[{"start":{"line":341,"column":8},"end":{"line":344,"column":9}},{"start":{"line":341,"column":8},"end":{"line":344,"column":9}}],"line":341},"28":{"loc":{"start":{"line":373,"column":2},"end":{"line":391,"column":3}},"type":"if","locations":[{"start":{"line":373,"column":2},"end":{"line":391,"column":3}},{"start":{"line":373,"column":2},"end":{"line":391,"column":3}}],"line":373},"29":{"loc":{"start":{"line":376,"column":4},"end":{"line":390,"column":5}},"type":"if","locations":[{"start":{"line":376,"column":4},"end":{"line":390,"column":5}},{"start":{"line":376,"column":4},"end":{"line":390,"column":5}}],"line":376},"30":{"loc":{"start":{"line":379,"column":11},"end":{"line":390,"column":5}},"type":"if","locations":[{"start":{"line":379,"column":11},"end":{"line":390,"column":5}},{"start":{"line":379,"column":11},"end":{"line":390,"column":5}}],"line":379},"31":{"loc":{"start":{"line":382,"column":8},"end":{"line":386,"column":9}},"type":"if","locations":[{"start":{"line":382,"column":8},"end":{"line":386,"column":9}},{"start":{"line":382,"column":8},"end":{"line":386,"column":9}}],"line":382},"32":{"loc":{"start":{"line":446,"column":2},"end":{"line":497,"column":3}},"type":"if","locations":[{"start":{"line":446,"column":2},"end":{"line":497,"column":3}},{"start":{"line":446,"column":2},"end":{"line":497,"column":3}}],"line":446},"33":{"loc":{"start":{"line":447,"column":4},"end":{"line":449,"column":48}},"type":"binary-expr","locations":[{"start":{"line":447,"column":4},"end":{"line":447,"column":18}},{"start":{"line":448,"column":4},"end":{"line":449,"column":48}}],"line":447},"34":{"loc":{"start":{"line":457,"column":9},"end":{"line":497,"column":3}},"type":"if","locations":[{"start":{"line":457,"column":9},"end":{"line":497,"column":3}},{"start":{"line":457,"column":9},"end":{"line":497,"column":3}}],"line":457},"35":{"loc":{"start":{"line":458,"column":4},"end":{"line":460,"column":17}},"type":"binary-expr","locations":[{"start":{"line":458,"column":4},"end":{"line":459,"column":48}},{"start":{"line":460,"column":4},"end":{"line":460,"column":17}}],"line":458},"36":{"loc":{"start":{"line":462,"column":4},"end":{"line":476,"column":5}},"type":"if","locations":[{"start":{"line":462,"column":4},"end":{"line":476,"column":5}},{"start":{"line":462,"column":4},"end":{"line":476,"column":5}}],"line":462},"37":{"loc":{"start":{"line":477,"column":9},"end":{"line":497,"column":3}},"type":"if","locations":[{"start":{"line":477,"column":9},"end":{"line":497,"column":3}},{"start":{"line":477,"column":9},"end":{"line":497,"column":3}}],"line":477},"38":{"loc":{"start":{"line":487,"column":9},"end":{"line":497,"column":3}},"type":"if","locations":[{"start":{"line":487,"column":9},"end":{"line":497,"column":3}},{"start":{"line":487,"column":9},"end":{"line":497,"column":3}}],"line":487},"39":{"loc":{"start":{"line":514,"column":2},"end":{"line":519,"column":3}},"type":"if","locations":[{"start":{"line":514,"column":2},"end":{"line":519,"column":3}},{"start":{"line":514,"column":2},"end":{"line":519,"column":3}}],"line":514},"40":{"loc":{"start":{"line":515,"column":4},"end":{"line":518,"column":5}},"type":"if","locations":[{"start":{"line":515,"column":4},"end":{"line":518,"column":5}},{"start":{"line":515,"column":4},"end":{"line":518,"column":5}}],"line":515},"41":{"loc":{"start":{"line":515,"column":8},"end":{"line":515,"column":36}},"type":"binary-expr","locations":[{"start":{"line":515,"column":8},"end":{"line":515,"column":20}},{"start":{"line":515,"column":24},"end":{"line":515,"column":36}}],"line":515},"42":{"loc":{"start":{"line":565,"column":4},"end":{"line":567,"column":5}},"type":"if","locations":[{"start":{"line":565,"column":4},"end":{"line":567,"column":5}},{"start":{"line":565,"column":4},"end":{"line":567,"column":5}}],"line":565},"43":{"loc":{"start":{"line":574,"column":4},"end":{"line":582,"column":5}},"type":"if","locations":[{"start":{"line":574,"column":4},"end":{"line":582,"column":5}},{"start":{"line":574,"column":4},"end":{"line":582,"column":5}}],"line":574},"44":{"loc":{"start":{"line":576,"column":11},"end":{"line":582,"column":5}},"type":"if","locations":[{"start":{"line":576,"column":11},"end":{"line":582,"column":5}},{"start":{"line":576,"column":11},"end":{"line":582,"column":5}}],"line":576},"45":{"loc":{"start":{"line":598,"column":4},"end":{"line":607,"column":5}},"type":"if","locations":[{"start":{"line":598,"column":4},"end":{"line":607,"column":5}},{"start":{"line":598,"column":4},"end":{"line":607,"column":5}}],"line":598},"46":{"loc":{"start":{"line":601,"column":11},"end":{"line":607,"column":5}},"type":"if","locations":[{"start":{"line":601,"column":11},"end":{"line":607,"column":5}},{"start":{"line":601,"column":11},"end":{"line":607,"column":5}}],"line":601},"47":{"loc":{"start":{"line":604,"column":11},"end":{"line":607,"column":5}},"type":"if","locations":[{"start":{"line":604,"column":11},"end":{"line":607,"column":5}},{"start":{"line":604,"column":11},"end":{"line":607,"column":5}}],"line":604},"48":{"loc":{"start":{"line":672,"column":4},"end":{"line":680,"column":5}},"type":"if","locations":[{"start":{"line":672,"column":4},"end":{"line":680,"column":5}},{"start":{"line":672,"column":4},"end":{"line":680,"column":5}}],"line":672},"49":{"loc":{"start":{"line":676,"column":11},"end":{"line":680,"column":5}},"type":"if","locations":[{"start":{"line":676,"column":11},"end":{"line":680,"column":5}},{"start":{"line":676,"column":11},"end":{"line":680,"column":5}}],"line":676},"50":{"loc":{"start":{"line":683,"column":0},"end":{"line":699,"column":1}},"type":"if","locations":[{"start":{"line":683,"column":0},"end":{"line":699,"column":1}},{"start":{"line":683,"column":0},"end":{"line":699,"column":1}}],"line":683}},"s":{"0":1,"1":1,"2":1,"3":1,"4":1,"5":1,"6":1,"7":1,"8":1,"9":1,"10":1,"11":1,"12":1,"13":1,"14":0,"15":0,"16":0,"17":1,"18":0,"19":0,"20":1,"21":0,"22":0,"23":1,"24":0,"25":0,"26":1,"27":0,"28":1,"29":1,"30":1,"31":2,"32":2,"33":1,"34":1,"35":1,"36":1,"37":1,"38":1,"39":1,"40":1,"41":1,"42":0,"43":0,"44":0,"45":0,"46":1,"47":1,"48":1,"49":8760,"50":8760,"51":146,"52":146,"53":0,"54":0,"55":0,"56":0,"57":0,"58":0,"59":0,"60":0,"61":0,"62":0,"63":0,"64":146,"65":8760,"66":7300,"67":1460,"68":1,"69":1,"70":0,"71":1,"72":1,"73":1,"74":1,"75":1,"76":1,"77":1,"78":0,"79":1,"80":1,"81":1,"82":9,"83":5,"84":5,"85":5,"86":5,"87":5,"88":5,"89":5,"90":4,"91":4,"92":4,"93":4,"94":4,"95":4,"96":1,"97":1,"98":1,"99":1,"100":1,"101":1,"102":1,"103":4,"104":4,"105":4,"106":4,"107":4,"108":4,"109":4,"110":4,"111":2,"112":1,"113":1,"114":0,"115":1,"116":1,"117":1,"118":1,"119":1,"120":1,"121":1,"122":1,"123":1,"124":1,"125":1,"126":1,"127":1,"128":1,"129":0,"130":0,"131":1,"132":1,"133":1,"134":1,"135":1,"136":1,"137":1,"138":1,"139":1,"140":1,"141":1,"142":1,"143":1,"144":0,"145":0,"146":0,"147":0,"148":0,"149":0,"150":0,"151":0,"152":0,"153":0,"154":0,"155":0,"156":0,"157":0,"158":0,"159":0,"160":0,"161":0,"162":1,"163":0,"164":0,"165":0,"166":0,"167":0,"168":0,"169":0,"170":0,"171":0,"172":0,"173":1,"174":1,"175":1,"176":1,"177":1,"178":1,"179":1,"180":1,"181":0,"182":0,"183":0,"184":0,"185":0,"186":0,"187":0,"188":0,"189":0,"190":0,"191":0,"192":0,"193":0,"194":0,"195":0,"196":0,"197":0,"198":0,"199":1,"200":1,"201":1,"202":1,"203":1,"204":1,"205":2,"206":2,"207":2,"208":2,"209":2,"210":2,"211":0,"212":0,"213":0,"214":0,"215":0,"216":0,"217":0,"218":0,"219":0,"220":1,"221":0,"222":0,"223":0,"224":0,"225":0,"226":0,"227":0,"228":0,"229":0,"230":0,"231":0,"232":0,"233":0,"234":0,"235":0,"236":0,"237":0,"238":0,"239":1,"240":1,"241":1,"242":1,"243":1,"244":1,"245":1,"246":1,"247":1,"248":1,"249":1,"250":1,"251":1,"252":2,"253":1,"254":1,"255":1,"256":1,"257":1,"258":1,"259":1,"260":1,"261":1},"f":{"0":1,"1":2,"2":8760,"3":1,"4":1,"5":9,"6":2,"7":1,"8":0,"9":0,"10":0,"11":0,"12":0,"13":1,"14":1,"15":1,"16":2,"17":0,"18":0,"19":1,"20":1,"21":2},"b":{"0":[0,1],"1":[0,1],"2":[0,1],"3":[0,1],"4":[0,1],"5":[1,0],"6":[2,0],"7":[1,1],"8":[0,0],"9":[146,8614],"10":[0,146],"11":[0,0],"12":[0,0],"13":[0,0],"14":[7300,1460],"15":[0,1],"16":[0,1],"17":[1,1],"18":[5,4],"19":[4,1],"20":[4,0],"21":[4,1],"22":[1,1],"23":[0,1],"24":[1,0],"25":[0,1],"26":[0,0],"27":[0,0],"28":[0,0],"29":[0,0],"30":[0,0],"31":[0,0],"32":[0,0],"33":[0,0],"34":[0,0],"35":[0,0],"36":[0,0],"37":[0,0],"38":[0,0],"39":[0,0],"40":[0,0],"41":[0,0],"42":[0,0],"43":[0,0],"44":[0,0],"45":[0,0],"46":[0,0],"47":[0,0],"48":[1,1],"49":[1,0],"50":[1,0]},"_coverageSchema":"1a1c01bbd47fc00a2c39e90264f33305004495a9","hash":"fcfe3932050edeb1cf7295ed5f38a0e7c04ca469"}
}
