TN:
SF:source\scripts\language.js
FN:14,setLanguage
FNF:1
FNH:1
FNDA:3,setLanguage
DA:1,1
DA:3,1
DA:7,0
DA:16,3
DA:17,1
DA:18,1
DA:19,1
DA:20,1
DA:21,1
DA:22,1
DA:24,1
DA:25,1
DA:26,1
DA:27,1
DA:28,1
DA:29,1
DA:30,1
DA:31,1
DA:32,1
DA:34,1
DA:35,1
DA:36,1
DA:38,1
DA:39,1
DA:40,1
DA:42,1
DA:43,1
DA:44,1
DA:45,1
DA:46,1
DA:47,1
DA:48,1
DA:49,1
DA:50,1
DA:51,1
DA:53,1
DA:54,1
DA:55,1
DA:56,1
DA:57,1
DA:58,1
DA:59,1
DA:60,1
DA:61,1
DA:62,1
DA:63,1
DA:64,1
DA:65,1
DA:66,1
DA:69,1
DA:70,0
DA:71,1
DA:72,0
DA:75,1
DA:78,1
DA:79,1
DA:82,0
DA:84,1
DA:85,1
DA:86,1
DA:87,1
DA:88,1
DA:89,1
DA:90,1
DA:91,1
DA:93,1
DA:94,1
DA:95,1
DA:97,1
DA:100,2
DA:101,1
DA:102,1
DA:103,1
DA:105,1
DA:106,1
DA:107,1
DA:108,1
DA:109,1
DA:112,1
DA:113,1
DA:114,1
DA:115,1
DA:116,1
DA:117,1
DA:119,1
DA:120,1
DA:121,1
DA:124,1
DA:125,1
DA:126,1
DA:127,1
DA:128,1
DA:129,1
DA:131,1
DA:132,1
DA:133,1
DA:134,1
DA:135,1
DA:136,1
DA:137,1
DA:138,1
DA:139,1
DA:140,1
DA:142,1
DA:143,1
DA:144,1
DA:145,1
DA:146,1
DA:147,1
DA:148,1
DA:149,1
DA:150,1
DA:151,1
DA:152,1
DA:153,1
DA:154,1
DA:155,1
DA:157,1
DA:158,0
DA:159,1
DA:160,0
DA:163,1
DA:166,1
DA:167,0
DA:170,1
DA:172,1
DA:173,1
DA:174,1
DA:175,1
DA:176,1
DA:177,1
DA:178,1
DA:179,1
DA:181,1
DA:182,1
DA:183,1
DA:185,1
DA:189,1
DA:191,1
DA:192,1
DA:193,1
DA:194,1
DA:195,1
DA:197,1
DA:198,1
DA:199,1
DA:200,1
DA:201,1
DA:202,1
DA:204,1
DA:205,1
DA:206,1
DA:208,1
DA:209,1
DA:210,1
DA:212,1
DA:213,1
DA:214,1
DA:216,1
DA:217,1
DA:218,1
DA:219,1
DA:220,1
DA:221,1
DA:222,1
DA:223,1
DA:224,1
DA:225,1
DA:227,1
DA:228,1
DA:229,1
DA:230,1
DA:231,1
DA:232,1
DA:233,1
DA:234,1
DA:235,1
DA:236,1
DA:237,1
DA:238,1
DA:239,1
DA:240,1
DA:242,1
DA:243,0
DA:244,1
DA:245,0
DA:248,1
DA:251,1
DA:252,0
DA:255,1
DA:257,1
DA:258,1
DA:259,1
DA:260,1
DA:261,1
DA:262,1
DA:263,1
DA:264,1
DA:266,1
DA:267,1
DA:268,1
DA:270,1
DA:275,1
DA:276,1
LF:204
LH:194
BRDA:1,0,0,1
BRDA:1,0,1,0
BRDA:16,1,0,1
BRDA:16,1,1,2
BRDA:69,2,0,0
BRDA:69,2,1,1
BRDA:71,3,0,0
BRDA:71,3,1,1
BRDA:78,4,0,1
BRDA:78,4,1,0
BRDA:100,5,0,1
BRDA:100,5,1,1
BRDA:157,6,0,0
BRDA:157,6,1,1
BRDA:159,7,0,0
BRDA:159,7,1,1
BRDA:166,8,0,0
BRDA:166,8,1,1
BRDA:242,9,0,0
BRDA:242,9,1,1
BRDA:244,10,0,0
BRDA:244,10,1,1
BRDA:251,11,0,0
BRDA:251,11,1,1
BRDA:275,12,0,1
BRDA:275,12,1,0
BRF:26
BRH:15
end_of_record
TN:
SF:source\scripts\menu.js
FN:12,toggleMenu
FN:17,(anonymous_1)
FN:24,displayAbout
FN:32,aboutClose
FN:40,displayHowTo
FN:48,howToClose
FNF:6
FNH:5
FNDA:2,toggleMenu
FNDA:0,(anonymous_1)
FNDA:1,displayAbout
FNDA:1,aboutClose
FNDA:1,displayHowTo
FNDA:1,howToClose
DA:1,1
DA:2,1
DA:4,1
DA:5,0
DA:13,2
DA:14,2
DA:17,1
DA:18,0
DA:25,1
DA:26,1
DA:33,1
DA:34,1
DA:41,1
DA:42,1
DA:49,1
DA:50,1
DA:53,1
DA:54,1
LF:18
LH:16
BRDA:4,0,0,0
BRDA:4,0,1,1
BRDA:53,1,0,1
BRDA:53,1,1,0
BRF:4
BRH:2
end_of_record
TN:
SF:source\scripts\taskAdd.js
FN:10,displayInput
FN:27,createTask
FN:65,deleteTask
FN:90,upTask
FN:139,downTask
FNF:5
FNH:2
FNDA:2,displayInput
FNDA:1,createTask
FNDA:0,deleteTask
FNDA:0,upTask
FNDA:0,downTask
DA:3,1
DA:11,2
DA:12,1
DA:14,1
DA:18,1
DA:28,1
DA:29,1
DA:31,1
DA:32,1
DA:33,1
DA:36,0
DA:37,0
DA:41,0
DA:42,0
DA:44,0
DA:47,0
DA:48,0
DA:49,0
DA:51,0
DA:52,0
DA:57,0
DA:66,0
DA:67,0
DA:68,0
DA:69,0
DA:73,0
DA:75,0
DA:78,1
DA:91,0
DA:92,0
DA:95,0
DA:97,0
DA:101,0
DA:104,0
DA:105,0
DA:106,0
DA:108,0
DA:109,0
DA:110,0
DA:113,0
DA:116,0
DA:117,0
DA:118,0
DA:119,0
DA:120,0
DA:121,0
DA:127,1
DA:140,0
DA:141,0
DA:144,0
DA:146,0
DA:150,0
DA:153,0
DA:154,0
DA:155,0
DA:157,0
DA:158,0
DA:159,0
DA:162,0
DA:165,0
DA:166,0
DA:167,0
DA:168,0
DA:169,0
DA:170,0
DA:176,1
DA:177,1
LF:67
LH:14
BRDA:11,0,0,1
BRDA:11,0,1,1
BRDA:31,1,0,1
BRDA:31,1,1,0
BRDA:37,2,0,0
BRDA:37,2,1,0
BRDA:47,3,0,0
BRDA:47,3,1,0
BRDA:104,4,0,0
BRDA:104,4,1,0
BRDA:153,5,0,0
BRDA:153,5,1,0
BRDA:176,6,0,1
BRDA:176,6,1,0
BRF:14
BRH:4
end_of_record
TN:
SF:source\scripts\timer.js
FN:24,(anonymous_0)
FN:66,timeStart
FN:112,count
FN:151,moveTask
FN:166,taskTracker
FN:196,switchTimes
FN:250,switchThemes
FN:319,stop
FN:372,notificationPermission
FN:381,(anonymous_9)
FN:445,popupNotification
FN:504,soundNotification
FN:513,notifications
FN:526,displayActivity
FN:534,activityClose
FN:542,displaySettings
FN:550,settingsClose
FN:564,taskComplete
FN:597,save
FN:625,addTaskActivity
FN:639,increasePomos
FN:671,mute
FNF:22
FNH:15
FNDA:1,(anonymous_0)
FNDA:2,timeStart
FNDA:8760,count
FNDA:1,moveTask
FNDA:1,taskTracker
FNDA:9,switchTimes
FNDA:2,switchThemes
FNDA:1,stop
FNDA:0,notificationPermission
FNDA:0,(anonymous_9)
FNDA:0,popupNotification
FNDA:0,soundNotification
FNDA:0,notifications
FNDA:1,displayActivity
FNDA:1,activityClose
FNDA:1,displaySettings
FNDA:2,settingsClose
FNDA:0,taskComplete
FNDA:0,save
FNDA:1,addTaskActivity
FNDA:1,increasePomos
FNDA:2,mute
DA:5,1
DA:7,1
DA:8,1
DA:9,1
DA:10,1
DA:11,1
DA:12,1
DA:13,1
DA:14,1
DA:15,1
DA:16,1
DA:18,1
DA:24,1
DA:25,1
DA:26,0
DA:27,0
DA:28,0
DA:30,1
DA:31,0
DA:32,0
DA:34,1
DA:35,0
DA:36,0
DA:38,1
DA:39,0
DA:40,0
DA:42,1
DA:43,0
DA:45,1
DA:50,1
DA:56,1
DA:67,2
DA:68,2
DA:69,1
DA:70,1
DA:72,1
DA:74,1
DA:75,1
DA:76,1
DA:77,1
DA:78,1
DA:79,1
DA:81,0
DA:82,0
DA:84,0
DA:85,0
DA:89,1
DA:95,1
DA:101,1
DA:113,8760
DA:114,8760
DA:115,146
DA:116,146
DA:117,0
DA:118,0
DA:119,0
DA:123,0
DA:124,0
DA:128,0
DA:129,0
DA:130,0
DA:131,0
DA:134,0
DA:135,0
DA:137,146
DA:140,8760
DA:141,7300
DA:143,1460
DA:152,1
DA:153,1
DA:154,0
DA:156,1
DA:157,1
DA:158,1
DA:159,1
DA:167,1
DA:168,1
DA:170,1
DA:171,0
DA:175,1
DA:181,1
DA:187,1
DA:197,9
DA:201,5
DA:203,5
DA:204,5
DA:205,5
DA:206,5
DA:208,5
DA:210,5
DA:211,4
DA:213,4
DA:214,4
DA:215,4
DA:216,4
DA:217,4
DA:220,1
DA:221,1
DA:223,1
DA:224,1
DA:225,1
DA:226,1
DA:227,1
DA:230,4
DA:236,4
DA:238,4
DA:239,4
DA:240,4
DA:241,4
DA:242,4
DA:243,4
DA:251,2
DA:252,1
DA:253,1
DA:254,0
DA:256,1
DA:260,1
DA:266,1
DA:272,1
DA:278,1
DA:284,1
DA:290,1
DA:296,1
DA:302,1
DA:308,1
DA:320,1
DA:321,1
DA:322,1
DA:323,1
DA:324,0
DA:325,0
DA:327,1
DA:328,1
DA:329,1
DA:330,1
DA:331,1
DA:332,1
DA:333,1
DA:334,1
DA:335,1
DA:336,1
DA:337,1
DA:338,1
DA:339,1
DA:340,0
DA:341,0
DA:342,0
DA:343,0
DA:345,0
DA:346,0
DA:347,0
DA:348,0
DA:349,0
DA:350,0
DA:351,0
DA:352,0
DA:353,0
DA:354,0
DA:355,0
DA:356,0
DA:357,0
DA:359,0
DA:363,1
DA:373,0
DA:374,0
DA:376,0
DA:378,0
DA:379,0
DA:381,0
DA:382,0
DA:383,0
DA:385,0
DA:389,0
DA:394,1
DA:400,1
DA:406,1
DA:412,1
DA:418,1
DA:424,1
DA:430,1
DA:436,1
DA:446,0
DA:451,0
DA:457,0
DA:462,0
DA:463,0
DA:470,0
DA:477,0
DA:481,0
DA:487,0
DA:491,0
DA:498,0
DA:505,0
DA:506,0
DA:507,0
DA:514,0
DA:515,0
DA:516,0
DA:517,0
DA:527,1
DA:528,1
DA:535,1
DA:536,1
DA:543,1
DA:544,1
DA:551,2
DA:552,2
DA:553,2
DA:554,2
DA:555,2
DA:556,2
DA:565,0
DA:566,0
DA:574,0
DA:575,0
DA:576,0
DA:577,0
DA:578,0
DA:579,0
DA:581,0
DA:586,1
DA:598,0
DA:599,0
DA:600,0
DA:601,0
DA:602,0
DA:603,0
DA:604,0
DA:605,0
DA:606,0
DA:609,0
DA:610,0
DA:611,0
DA:612,0
DA:613,0
DA:615,0
DA:616,0
DA:617,0
DA:618,0
DA:626,1
DA:627,1
DA:628,1
DA:629,1
DA:630,1
DA:631,1
DA:632,1
DA:640,1
DA:641,1
DA:644,1
DA:650,1
DA:656,1
DA:662,1
DA:672,2
DA:673,1
DA:674,1
DA:675,1
DA:676,1
DA:677,1
DA:678,1
DA:679,1
DA:683,1
DA:684,1
LF:262
LH:159
BRDA:25,0,0,0
BRDA:25,0,1,1
BRDA:30,1,0,0
BRDA:30,1,1,1
BRDA:34,2,0,0
BRDA:34,2,1,1
BRDA:38,3,0,0
BRDA:38,3,1,1
BRDA:42,4,0,0
BRDA:42,4,1,1
BRDA:42,5,0,1
BRDA:42,5,1,0
BRDA:67,6,0,2
BRDA:67,6,1,0
BRDA:68,7,0,1
BRDA:68,7,1,1
BRDA:81,8,0,0
BRDA:81,8,1,0
BRDA:114,9,0,146
BRDA:114,9,1,8614
BRDA:116,10,0,0
BRDA:116,10,1,146
BRDA:119,11,0,0
BRDA:119,11,1,0
BRDA:124,12,0,0
BRDA:124,12,1,0
BRDA:125,13,0,0
BRDA:125,13,1,0
BRDA:140,14,0,7300
BRDA:140,14,1,1460
BRDA:153,15,0,0
BRDA:153,15,1,1
BRDA:170,16,0,0
BRDA:170,16,1,1
BRDA:170,17,0,1
BRDA:170,17,1,1
BRDA:197,18,0,5
BRDA:197,18,1,4
BRDA:210,19,0,4
BRDA:210,19,1,1
BRDA:230,20,0,4
BRDA:230,20,1,0
BRDA:231,21,0,4
BRDA:231,21,1,1
BRDA:251,22,0,1
BRDA:251,22,1,1
BRDA:253,23,0,0
BRDA:253,23,1,1
BRDA:321,24,0,1
BRDA:321,24,1,0
BRDA:323,25,0,0
BRDA:323,25,1,1
BRDA:340,26,0,0
BRDA:340,26,1,0
BRDA:341,27,0,0
BRDA:341,27,1,0
BRDA:373,28,0,0
BRDA:373,28,1,0
BRDA:376,29,0,0
BRDA:376,29,1,0
BRDA:379,30,0,0
BRDA:379,30,1,0
BRDA:382,31,0,0
BRDA:382,31,1,0
BRDA:446,32,0,0
BRDA:446,32,1,0
BRDA:447,33,0,0
BRDA:447,33,1,0
BRDA:457,34,0,0
BRDA:457,34,1,0
BRDA:458,35,0,0
BRDA:458,35,1,0
BRDA:462,36,0,0
BRDA:462,36,1,0
BRDA:477,37,0,0
BRDA:477,37,1,0
BRDA:487,38,0,0
BRDA:487,38,1,0
BRDA:514,39,0,0
BRDA:514,39,1,0
BRDA:515,40,0,0
BRDA:515,40,1,0
BRDA:515,41,0,0
BRDA:515,41,1,0
BRDA:565,42,0,0
BRDA:565,42,1,0
BRDA:574,43,0,0
BRDA:574,43,1,0
BRDA:576,44,0,0
BRDA:576,44,1,0
BRDA:598,45,0,0
BRDA:598,45,1,0
BRDA:601,46,0,0
BRDA:601,46,1,0
BRDA:604,47,0,0
BRDA:604,47,1,0
BRDA:672,48,0,1
BRDA:672,48,1,1
BRDA:676,49,0,1
BRDA:676,49,1,0
BRDA:683,50,0,1
BRDA:683,50,1,0
BRF:102
BRH:34
end_of_record
