TN:
SF:source\scripts\language.js
FN:19,setLanguage
FNF:1
FNH:1
FNDA:3,setLanguage
DA:5,1
DA:7,1
DA:11,0
DA:25,3
DA:26,1
DA:27,1
DA:28,1
DA:29,1
DA:30,1
DA:31,1
DA:33,1
DA:34,1
DA:35,1
DA:36,1
DA:37,1
DA:38,1
DA:39,1
DA:40,1
DA:41,1
DA:43,1
DA:44,1
DA:45,1
DA:47,1
DA:48,1
DA:49,1
DA:51,1
DA:52,1
DA:53,1
DA:54,1
DA:55,1
DA:56,1
DA:57,1
DA:58,1
DA:59,1
DA:60,1
DA:62,1
DA:63,1
DA:64,1
DA:65,1
DA:66,1
DA:67,1
DA:68,1
DA:69,1
DA:70,1
DA:71,1
DA:72,1
DA:73,1
DA:74,1
DA:75,1
DA:78,1
DA:79,0
DA:80,1
DA:81,0
DA:84,1
DA:87,1
DA:88,1
DA:91,0
DA:93,1
DA:94,1
DA:95,1
DA:96,1
DA:97,1
DA:98,1
DA:99,1
DA:100,1
DA:102,1
DA:103,1
DA:104,1
DA:106,1
DA:114,2
DA:115,1
DA:116,1
DA:117,1
DA:119,1
DA:120,1
DA:121,1
DA:122,1
DA:123,1
DA:126,1
DA:127,1
DA:128,1
DA:129,1
DA:130,1
DA:131,1
DA:133,1
DA:134,1
DA:135,1
DA:138,1
DA:139,1
DA:140,1
DA:141,1
DA:142,1
DA:143,1
DA:145,1
DA:146,1
DA:147,1
DA:148,1
DA:149,1
DA:150,1
DA:151,1
DA:152,1
DA:153,1
DA:154,1
DA:156,1
DA:157,1
DA:158,1
DA:159,1
DA:160,1
DA:161,1
DA:162,1
DA:163,1
DA:164,1
DA:165,1
DA:166,1
DA:167,1
DA:168,1
DA:169,1
DA:171,1
DA:172,0
DA:173,1
DA:174,0
DA:177,1
DA:180,1
DA:181,0
DA:184,1
DA:186,1
DA:187,1
DA:188,1
DA:189,1
DA:190,1
DA:191,1
DA:192,1
DA:193,1
DA:195,1
DA:196,1
DA:197,1
DA:199,1
DA:208,1
DA:210,1
DA:211,1
DA:212,1
DA:213,1
DA:214,1
DA:216,1
DA:217,1
DA:218,1
DA:219,1
DA:220,1
DA:221,1
DA:223,1
DA:224,1
DA:225,1
DA:227,1
DA:228,1
DA:229,1
DA:231,1
DA:232,1
DA:233,1
DA:235,1
DA:236,1
DA:237,1
DA:238,1
DA:239,1
DA:240,1
DA:241,1
DA:242,1
DA:243,1
DA:244,1
DA:246,1
DA:247,1
DA:248,1
DA:249,1
DA:250,1
DA:251,1
DA:252,1
DA:253,1
DA:254,1
DA:255,1
DA:256,1
DA:257,1
DA:258,1
DA:259,1
DA:261,1
DA:262,0
DA:263,1
DA:264,0
DA:267,1
DA:270,1
DA:271,0
DA:274,1
DA:276,1
DA:277,1
DA:278,1
DA:279,1
DA:280,1
DA:281,1
DA:282,1
DA:283,1
DA:285,1
DA:286,1
DA:287,1
DA:289,1
DA:297,1
DA:298,1
LF:204
LH:194
BRDA:5,0,0,1
BRDA:5,0,1,0
BRDA:25,1,0,1
BRDA:25,1,1,2
BRDA:78,2,0,0
BRDA:78,2,1,1
BRDA:80,3,0,0
BRDA:80,3,1,1
BRDA:87,4,0,1
BRDA:87,4,1,0
BRDA:114,5,0,1
BRDA:114,5,1,1
BRDA:171,6,0,0
BRDA:171,6,1,1
BRDA:173,7,0,0
BRDA:173,7,1,1
BRDA:180,8,0,0
BRDA:180,8,1,1
BRDA:261,9,0,0
BRDA:261,9,1,1
BRDA:263,10,0,0
BRDA:263,10,1,1
BRDA:270,11,0,0
BRDA:270,11,1,1
BRDA:297,12,0,1
BRDA:297,12,1,0
BRF:26
BRH:15
end_of_record
TN:
SF:source\scripts\menu.js
FN:16,toggleMenu
FN:21,(anonymous_1)
FN:28,displayAbout
FN:36,aboutClose
FN:44,displayHowTo
FN:52,howToClose
FNF:6
FNH:5
FNDA:2,toggleMenu
FNDA:0,(anonymous_1)
FNDA:1,displayAbout
FNDA:1,aboutClose
FNDA:1,displayHowTo
FNDA:1,howToClose
DA:1,1
DA:2,1
DA:8,1
DA:9,0
DA:17,2
DA:18,2
DA:21,1
DA:22,0
DA:29,1
DA:30,1
DA:37,1
DA:38,1
DA:45,1
DA:46,1
DA:53,1
DA:54,1
DA:61,1
DA:62,1
LF:18
LH:16
BRDA:8,0,0,0
BRDA:8,0,1,1
BRDA:61,1,0,1
BRDA:61,1,1,0
BRF:4
BRH:2
end_of_record
TN:
SF:source\scripts\taskAdd.js
FN:34,displayInput
FN:45,createTask
FN:88,deleteTask
FN:109,upTask
FN:152,downTask
FNF:5
FNH:2
FNDA:2,displayInput
FNDA:1,createTask
FNDA:0,deleteTask
FNDA:0,upTask
FNDA:0,downTask
DA:1,1
DA:7,1
DA:13,1
DA:19,1
DA:35,2
DA:36,1
DA:38,1
DA:46,1
DA:47,1
DA:50,1
DA:51,1
DA:52,1
DA:56,0
DA:57,0
DA:61,0
DA:62,0
DA:64,0
DA:68,0
DA:69,0
DA:70,0
DA:72,0
DA:75,0
DA:80,0
DA:89,0
DA:90,0
DA:91,0
DA:94,0
DA:98,0
DA:100,0
DA:110,0
DA:111,0
DA:114,0
DA:116,0
DA:120,0
DA:123,0
DA:124,0
DA:125,0
DA:127,0
DA:128,0
DA:129,0
DA:132,0
DA:135,0
DA:136,0
DA:137,0
DA:138,0
DA:139,0
DA:140,0
DA:153,0
DA:154,0
DA:157,0
DA:159,0
DA:163,0
DA:166,0
DA:167,0
DA:168,0
DA:170,0
DA:171,0
DA:172,0
DA:175,0
DA:178,0
DA:179,0
DA:180,0
DA:181,0
DA:182,0
DA:183,0
DA:193,1
DA:194,1
LF:67
LH:14
BRDA:35,0,0,1
BRDA:35,0,1,1
BRDA:50,1,0,1
BRDA:50,1,1,0
BRDA:57,2,0,0
BRDA:57,2,1,0
BRDA:68,3,0,0
BRDA:68,3,1,0
BRDA:123,4,0,0
BRDA:123,4,1,0
BRDA:166,5,0,0
BRDA:166,5,1,0
BRDA:193,6,0,1
BRDA:193,6,1,0
BRF:14
BRH:4
end_of_record
TN:
SF:source\scripts\timer.js
FN:180,(anonymous_0)
FN:214,timeStart
FN:249,count
FN:299,switchTimes
FN:360,switchThemes
FN:376,stop
FN:437,moveTask
FN:452,taskTracker
FN:465,taskComplete
FN:484,increasePomos
FN:496,notificationPermission
FN:505,(anonymous_11)
FN:521,popupNotification
FN:580,soundNotification
FN:589,notifications
FN:601,mute
FN:620,displayActivity
FN:628,activityClose
FN:636,displaySettings
FN:644,settingsClose
FN:658,save
FN:685,addTaskActivity
FNF:22
FNH:15
FNDA:1,(anonymous_0)
FNDA:2,timeStart
FNDA:8760,count
FNDA:9,switchTimes
FNDA:2,switchThemes
FNDA:1,stop
FNDA:1,moveTask
FNDA:1,taskTracker
FNDA:0,taskComplete
FNDA:1,increasePomos
FNDA:0,notificationPermission
FNDA:0,(anonymous_11)
FNDA:0,popupNotification
FNDA:0,soundNotification
FNDA:0,notifications
FNDA:2,mute
FNDA:1,displayActivity
FNDA:1,activityClose
FNDA:1,displaySettings
FNDA:2,settingsClose
FNDA:0,save
FNDA:1,addTaskActivity
DA:9,1
DA:11,1
DA:17,1
DA:18,1
DA:19,1
DA:20,1
DA:21,1
DA:22,1
DA:23,1
DA:24,1
DA:25,1
DA:33,1
DA:39,1
DA:45,1
DA:52,1
DA:58,1
DA:64,1
DA:70,1
DA:76,1
DA:82,1
DA:88,1
DA:94,1
DA:100,1
DA:106,1
DA:112,1
DA:118,1
DA:124,1
DA:130,1
DA:136,1
DA:142,1
DA:148,1
DA:154,1
DA:160,1
DA:166,1
DA:180,1
DA:181,1
DA:182,0
DA:183,0
DA:184,0
DA:186,1
DA:187,0
DA:188,0
DA:190,1
DA:191,0
DA:192,0
DA:194,1
DA:195,0
DA:196,0
DA:198,1
DA:199,0
DA:202,1
DA:215,2
DA:216,2
DA:217,1
DA:218,1
DA:222,1
DA:223,1
DA:224,1
DA:227,1
DA:228,1
DA:231,1
DA:232,1
DA:235,0
DA:236,0
DA:240,0
DA:241,0
DA:250,8760
DA:253,8760
DA:254,146
DA:257,146
DA:258,0
DA:259,0
DA:262,0
DA:266,0
DA:269,0
DA:273,0
DA:274,0
DA:275,0
DA:276,0
DA:281,0
DA:282,0
DA:284,146
DA:289,8760
DA:290,7300
DA:292,1460
DA:302,9
DA:306,5
DA:309,5
DA:310,5
DA:311,5
DA:312,5
DA:315,5
DA:318,5
DA:319,4
DA:321,4
DA:322,4
DA:323,4
DA:324,4
DA:325,4
DA:329,1
DA:330,1
DA:332,1
DA:333,1
DA:334,1
DA:335,1
DA:336,1
DA:340,4
DA:346,4
DA:348,4
DA:349,4
DA:350,4
DA:351,4
DA:352,4
DA:353,4
DA:361,2
DA:362,1
DA:363,1
DA:364,0
DA:366,1
DA:379,1
DA:382,1
DA:383,1
DA:386,1
DA:387,0
DA:388,0
DA:390,1
DA:391,1
DA:392,1
DA:393,1
DA:394,1
DA:395,1
DA:396,1
DA:397,1
DA:398,1
DA:399,1
DA:400,1
DA:401,1
DA:402,1
DA:405,0
DA:406,0
DA:407,0
DA:408,0
DA:410,0
DA:411,0
DA:412,0
DA:413,0
DA:414,0
DA:415,0
DA:416,0
DA:417,0
DA:418,0
DA:419,0
DA:420,0
DA:421,0
DA:422,0
DA:425,0
DA:438,1
DA:439,1
DA:440,0
DA:442,1
DA:443,1
DA:444,1
DA:445,1
DA:453,1
DA:454,1
DA:455,1
DA:456,0
DA:466,0
DA:467,0
DA:469,0
DA:470,0
DA:471,0
DA:472,0
DA:473,0
DA:474,0
DA:476,0
DA:485,1
DA:486,1
DA:497,0
DA:498,0
DA:500,0
DA:502,0
DA:503,0
DA:505,0
DA:506,0
DA:507,0
DA:509,0
DA:513,0
DA:522,0
DA:527,0
DA:533,0
DA:538,0
DA:539,0
DA:546,0
DA:553,0
DA:557,0
DA:563,0
DA:567,0
DA:574,0
DA:581,0
DA:582,0
DA:583,0
DA:590,0
DA:591,0
DA:592,0
DA:593,0
DA:602,2
DA:603,1
DA:604,1
DA:605,1
DA:606,1
DA:607,1
DA:608,1
DA:609,1
DA:621,1
DA:622,1
DA:629,1
DA:630,1
DA:637,1
DA:638,1
DA:645,2
DA:646,2
DA:647,2
DA:648,2
DA:649,2
DA:650,2
DA:659,0
DA:660,0
DA:661,0
DA:662,0
DA:663,0
DA:664,0
DA:665,0
DA:666,0
DA:667,0
DA:670,0
DA:671,0
DA:672,0
DA:673,0
DA:674,0
DA:676,0
DA:677,0
DA:678,0
DA:679,0
DA:686,1
DA:687,1
DA:688,1
DA:689,1
DA:690,1
DA:691,1
DA:692,1
DA:699,1
DA:700,1
LF:253
LH:150
BRDA:181,0,0,0
BRDA:181,0,1,1
BRDA:186,1,0,0
BRDA:186,1,1,1
BRDA:190,2,0,0
BRDA:190,2,1,1
BRDA:194,3,0,0
BRDA:194,3,1,1
BRDA:198,4,0,0
BRDA:198,4,1,1
BRDA:198,5,0,1
BRDA:198,5,1,0
BRDA:215,6,0,2
BRDA:215,6,1,0
BRDA:216,7,0,1
BRDA:216,7,1,1
BRDA:235,8,0,0
BRDA:235,8,1,0
BRDA:253,9,0,146
BRDA:253,9,1,8614
BRDA:257,10,0,0
BRDA:257,10,1,146
BRDA:262,11,0,0
BRDA:262,11,1,0
BRDA:269,12,0,0
BRDA:269,12,1,0
BRDA:270,13,0,0
BRDA:270,13,1,0
BRDA:289,14,0,7300
BRDA:289,14,1,1460
BRDA:302,15,0,5
BRDA:302,15,1,4
BRDA:318,16,0,4
BRDA:318,16,1,1
BRDA:340,17,0,4
BRDA:340,17,1,0
BRDA:341,18,0,4
BRDA:341,18,1,1
BRDA:361,19,0,1
BRDA:361,19,1,1
BRDA:363,20,0,0
BRDA:363,20,1,1
BRDA:382,21,0,1
BRDA:382,21,1,0
BRDA:386,22,0,0
BRDA:386,22,1,1
BRDA:405,23,0,0
BRDA:405,23,1,0
BRDA:406,24,0,0
BRDA:406,24,1,0
BRDA:439,25,0,0
BRDA:439,25,1,1
BRDA:455,26,0,0
BRDA:455,26,1,1
BRDA:455,27,0,1
BRDA:455,27,1,1
BRDA:466,28,0,0
BRDA:466,28,1,0
BRDA:469,29,0,0
BRDA:469,29,1,0
BRDA:471,30,0,0
BRDA:471,30,1,0
BRDA:497,31,0,0
BRDA:497,31,1,0
BRDA:500,32,0,0
BRDA:500,32,1,0
BRDA:503,33,0,0
BRDA:503,33,1,0
BRDA:506,34,0,0
BRDA:506,34,1,0
BRDA:522,35,0,0
BRDA:522,35,1,0
BRDA:523,36,0,0
BRDA:523,36,1,0
BRDA:533,37,0,0
BRDA:533,37,1,0
BRDA:534,38,0,0
BRDA:534,38,1,0
BRDA:538,39,0,0
BRDA:538,39,1,0
BRDA:553,40,0,0
BRDA:553,40,1,0
BRDA:563,41,0,0
BRDA:563,41,1,0
BRDA:590,42,0,0
BRDA:590,42,1,0
BRDA:591,43,0,0
BRDA:591,43,1,0
BRDA:591,44,0,0
BRDA:591,44,1,0
BRDA:602,45,0,1
BRDA:602,45,1,1
BRDA:606,46,0,1
BRDA:606,46,1,0
BRDA:659,47,0,0
BRDA:659,47,1,0
BRDA:662,48,0,0
BRDA:662,48,1,0
BRDA:665,49,0,0
BRDA:665,49,1,0
BRDA:699,50,0,1
BRDA:699,50,1,0
BRF:102
BRH:34
end_of_record
